-- The C compiler identification is GNU 9.4.0
-- The CXX compiler identification is GNU 9.4.0
-- Check for working C compiler: /usr/bin/cc
-- Check for working C compiler: /usr/bin/cc -- works
-- Detecting C compiler ABI info
-- Detecting C compiler ABI info - done
-- Detecting C compile features
-- Detecting C compile features - done
-- Check for working CXX compiler: /usr/bin/c++
-- Check for working CXX compiler: /usr/bin/c++ -- works
-- Detecting CXX compiler ABI info
-- Detecting CXX compiler ABI info - done
-- Detecting CXX compile features
-- Detecting CXX compile features - done
-- Found ament_cmake: 0.9.12 (/opt/ros/foxy/share/ament_cmake/cmake)
-- Found PythonInterp: /usr/bin/python3 (found suitable version "3.8.10", minimum required is "3") 
-- Using PYTHON_EXECUTABLE: /usr/bin/python3
-- Found rclcpp: 2.4.3 (/opt/ros/foxy/share/rclcpp/cmake)
-- Using all available rosidl_typesupport_c: rosidl_typesupport_fastrtps_c;rosidl_typesupport_introspection_c
-- Found rosidl_adapter: 1.3.1 (/opt/ros/foxy/share/rosidl_adapter/cmake)
-- Found OpenSSL: /usr/lib/x86_64-linux-gnu/libcrypto.so (found version "1.1.1f")  
-- Found FastRTPS: /opt/ros/foxy/include  
-- Using all available rosidl_typesupport_cpp: rosidl_typesupport_fastrtps_cpp;rosidl_typesupport_introspection_cpp
-- Found rmw_implementation_cmake: 1.0.4 (/opt/ros/foxy/share/rmw_implementation_cmake/cmake)
-- Using RMW implementation 'rmw_fastrtps_cpp' as default
-- Looking for pthread.h
-- Looking for pthread.h - found
-- Performing Test CMAKE_HAVE_LIBC_PTHREAD
-- Performing Test CMAKE_HAVE_LIBC_PTHREAD - Failed
-- Looking for pthread_create in pthreads
-- Looking for pthread_create in pthreads - not found
-- Looking for pthread_create in pthread
-- Looking for pthread_create in pthread - found
-- Found Threads: TRUE  
-- Found geometry_msgs: 2.0.5 (/opt/ros/foxy/share/geometry_msgs/cmake)
-- Found sensor_msgs: 2.0.5 (/opt/ros/foxy/share/sensor_msgs/cmake)
-- Found nav_msgs: 2.0.5 (/opt/ros/foxy/share/nav_msgs/cmake)
-- Found tf2_ros: 0.13.14 (/opt/ros/foxy/share/tf2_ros/cmake)
-- Configuring done
-- Generating done
-- Build files have been written to: /home/sedrica/ros2ppf_26_10/build/odom_publisher_pkg
[35m[1mScanning dependencies of target odom_publisher_node[0m
[35m[1mScanning dependencies of target scan_to_occ_node[0m
[ 25%] [32mBuilding CXX object CMakeFiles/scan_to_occ_node.dir/src/scan_to_occ_node.cpp.o[0m
[ 50%] [32mBuilding CXX object CMakeFiles/odom_publisher_node.dir/src/odom_publisher_node.cpp.o[0m
[ 75%] [32m[1mLinking CXX executable scan_to_occ_node[0m
[ 75%] Built target scan_to_occ_node
[100%] [32m[1mLinking CXX executable odom_publisher_node[0m
[100%] Built target odom_publisher_node
-- Install configuration: ""
-- Installing: /home/sedrica/ros2ppf_26_10/install/odom_publisher_pkg/lib/odom_publisher_pkg/odom_publisher_node
-- Set runtime path of "/home/sedrica/ros2ppf_26_10/install/odom_publisher_pkg/lib/odom_publisher_pkg/odom_publisher_node" to ""
-- Installing: /home/sedrica/ros2ppf_26_10/install/odom_publisher_pkg/lib/odom_publisher_pkg/scan_to_occ_node
-- Set runtime path of "/home/sedrica/ros2ppf_26_10/install/odom_publisher_pkg/lib/odom_publisher_pkg/scan_to_occ_node" to ""
-- Installing: /home/sedrica/ros2ppf_26_10/install/odom_publisher_pkg/share/ament_index/resource_index/package_run_dependencies/odom_publisher_pkg
-- Installing: /home/sedrica/ros2ppf_26_10/install/odom_publisher_pkg/share/ament_index/resource_index/parent_prefix_path/odom_publisher_pkg
-- Installing: /home/sedrica/ros2ppf_26_10/install/odom_publisher_pkg/share/odom_publisher_pkg/environment/ament_prefix_path.sh
-- Installing: /home/sedrica/ros2ppf_26_10/install/odom_publisher_pkg/share/odom_publisher_pkg/environment/ament_prefix_path.dsv
-- Installing: /home/sedrica/ros2ppf_26_10/install/odom_publisher_pkg/share/odom_publisher_pkg/environment/path.sh
-- Installing: /home/sedrica/ros2ppf_26_10/install/odom_publisher_pkg/share/odom_publisher_pkg/environment/path.dsv
-- Installing: /home/sedrica/ros2ppf_26_10/install/odom_publisher_pkg/share/odom_publisher_pkg/local_setup.bash
-- Installing: /home/sedrica/ros2ppf_26_10/install/odom_publisher_pkg/share/odom_publisher_pkg/local_setup.sh
-- Installing: /home/sedrica/ros2ppf_26_10/install/odom_publisher_pkg/share/odom_publisher_pkg/local_setup.zsh
-- Installing: /home/sedrica/ros2ppf_26_10/install/odom_publisher_pkg/share/odom_publisher_pkg/local_setup.dsv
-- Installing: /home/sedrica/ros2ppf_26_10/install/odom_publisher_pkg/share/odom_publisher_pkg/package.dsv
-- Installing: /home/sedrica/ros2ppf_26_10/install/odom_publisher_pkg/share/ament_index/resource_index/packages/odom_publisher_pkg
-- Installing: /home/sedrica/ros2ppf_26_10/install/odom_publisher_pkg/share/odom_publisher_pkg/cmake/odom_publisher_pkgConfig.cmake
-- Installing: /home/sedrica/ros2ppf_26_10/install/odom_publisher_pkg/share/odom_publisher_pkg/cmake/odom_publisher_pkgConfig-version.cmake
-- Installing: /home/sedrica/ros2ppf_26_10/install/odom_publisher_pkg/share/odom_publisher_pkg/package.xml
