[100%] Built target scan_to_occ_node
[100%] Built target odom_publisher_node
-- Install configuration: ""
-- Up-to-date: /home/sedrica/ros2ppf_26_10/install/odom_publisher_pkg/lib/odom_publisher_pkg/odom_publisher_node
-- Up-to-date: /home/sedrica/ros2ppf_26_10/install/odom_publisher_pkg/lib/odom_publisher_pkg/scan_to_occ_node
-- Up-to-date: /home/sedrica/ros2ppf_26_10/install/odom_publisher_pkg/share/ament_index/resource_index/package_run_dependencies/odom_publisher_pkg
-- Up-to-date: /home/sedrica/ros2ppf_26_10/install/odom_publisher_pkg/share/ament_index/resource_index/parent_prefix_path/odom_publisher_pkg
-- Up-to-date: /home/sedrica/ros2ppf_26_10/install/odom_publisher_pkg/share/odom_publisher_pkg/environment/ament_prefix_path.sh
-- Up-to-date: /home/sedrica/ros2ppf_26_10/install/odom_publisher_pkg/share/odom_publisher_pkg/environment/ament_prefix_path.dsv
-- Up-to-date: /home/sedrica/ros2ppf_26_10/install/odom_publisher_pkg/share/odom_publisher_pkg/environment/path.sh
-- Up-to-date: /home/sedrica/ros2ppf_26_10/install/odom_publisher_pkg/share/odom_publisher_pkg/environment/path.dsv
-- Up-to-date: /home/sedrica/ros2ppf_26_10/install/odom_publisher_pkg/share/odom_publisher_pkg/local_setup.bash
-- Up-to-date: /home/sedrica/ros2ppf_26_10/install/odom_publisher_pkg/share/odom_publisher_pkg/local_setup.sh
-- Up-to-date: /home/sedrica/ros2ppf_26_10/install/odom_publisher_pkg/share/odom_publisher_pkg/local_setup.zsh
-- Up-to-date: /home/sedrica/ros2ppf_26_10/install/odom_publisher_pkg/share/odom_publisher_pkg/local_setup.dsv
-- Installing: /home/sedrica/ros2ppf_26_10/install/odom_publisher_pkg/share/odom_publisher_pkg/package.dsv
-- Up-to-date: /home/sedrica/ros2ppf_26_10/install/odom_publisher_pkg/share/ament_index/resource_index/packages/odom_publisher_pkg
-- Up-to-date: /home/sedrica/ros2ppf_26_10/install/odom_publisher_pkg/share/odom_publisher_pkg/cmake/odom_publisher_pkgConfig.cmake
-- Up-to-date: /home/sedrica/ros2ppf_26_10/install/odom_publisher_pkg/share/odom_publisher_pkg/cmake/odom_publisher_pkgConfig-version.cmake
-- Up-to-date: /home/sedrica/ros2ppf_26_10/install/odom_publisher_pkg/share/odom_publisher_pkg/package.xml
