[0.257s] Invoking command in '/home/sedrica/ros2ppf_26_10/build/ppf_node': CMAKE_PREFIX_PATH=${CMAKE_PREFIX_PATH}:/home/sedrica/ros2ppf_26_10/install/extras:/home/sedrica/ros2ppf/install/extras:/opt/ros/foxy /usr/bin/cmake --build /home/sedrica/ros2ppf_26_10/build/ppf_node -- -j20 -l20
[0.343s] [35m[1mScanning dependencies of target ppf_node[0m
[0.397s] [ 50%] [32mBuilding CXX object CMakeFiles/ppf_node.dir/src/ppfnode.cpp.o[0m
[1.551s] In file included from [01m[K/home/sedrica/ros2ppf_26_10/src/ppf/src/ppfnode.cpp:10[m[K:
[1.551s] [01m[K/home/sedrica/ros2ppf_26_10/src/ppf/src/ppf_n.cpp:[m[K In function ‘[01m[Kdouble calculateRepulsivePotential(const Point&, const std::vector<std::vector<int> >&)[m[K’:
[1.551s] [01m[K/home/sedrica/ros2ppf_26_10/src/ppf/src/ppf_n.cpp:52:23:[m[K [01;35m[Kwarning: [m[Kcomparison of integer expressions of different signedness: ‘[01m[Kint[m[K’ and ‘[01m[Kstd::vector<std::vector<int> >::size_type[m[K’ {aka ‘[01m[Klong unsigned int[m[K’} [[01;35m[K-Wsign-compare[m[K]
[1.551s]    52 |     for (int i = 0; [01;35m[Ki < grid.size()[m[K; ++i)
[1.552s]       |                     [01;35m[K~~^~~~~~~~~~~~~[m[K
[1.553s] [01m[K/home/sedrica/ros2ppf_26_10/src/ppf/src/ppf_n.cpp:54:27:[m[K [01;35m[Kwarning: [m[Kcomparison of integer expressions of different signedness: ‘[01m[Kint[m[K’ and ‘[01m[Kstd::vector<int>::size_type[m[K’ {aka ‘[01m[Klong unsigned int[m[K’} [[01;35m[K-Wsign-compare[m[K]
[1.553s]    54 |         for (int j = 0; [01;35m[Kj < grid[0].size()[m[K; ++j)
[1.553s]       |                         [01;35m[K~~^~~~~~~~~~~~~~~~[m[K
[1.555s] In file included from [01m[K/home/sedrica/ros2ppf_26_10/src/ppf/src/ppfnode.cpp:10[m[K:
[1.555s] [01m[K/home/sedrica/ros2ppf_26_10/src/ppf/src/ppf_n.cpp:[m[K In function ‘[01m[Kstd::vector<std::vector<int> > smoothPath(const std::vector<std::vector<int> >&, std::vector<std::vector<int> >&)[m[K’:
[1.556s] [01m[K/home/sedrica/ros2ppf_26_10/src/ppf/src/ppf_n.cpp:139:19:[m[K [01;35m[Kwarning: [m[Kcomparison of integer expressions of different signedness: ‘[01m[Kint[m[K’ and ‘[01m[Kstd::vector<std::vector<int> >::size_type[m[K’ {aka ‘[01m[Klong unsigned int[m[K’} [[01;35m[K-Wsign-compare[m[K]
[1.556s]   139 |     for(int i=0; [01;35m[Ki<smoothedPath.size()[m[K;i++){
[1.556s]       |                  [01;35m[K~^~~~~~~~~~~~~~~~~~~~[m[K
[1.558s] [01m[K/home/sedrica/ros2ppf_26_10/src/ppf/src/ppf_n.cpp:[m[K In function ‘[01m[KPoint getNextStep(const Point&, const Point&, std::vector<std::vector<int> >&)[m[K’:
[1.558s] [01m[K/home/sedrica/ros2ppf_26_10/src/ppf/src/ppf_n.cpp:169:43:[m[K [01;35m[Kwarning: [m[Kcomparison of integer expressions of different signedness: ‘[01m[Kconst int[m[K’ and ‘[01m[Kstd::vector<std::vector<int> >::size_type[m[K’ {aka ‘[01m[Klong unsigned int[m[K’} [[01;35m[K-Wsign-compare[m[K]
[1.559s]   169 |         if (neighbor.x >= 0 && [01;35m[Kneighbor.x < grid.size()[m[K && neighbor.y >= 0 && neighbor.y < grid[0].size() && grid[neighbor.x][neighbor.y] != 1)
[1.559s]       |                                [01;35m[K~~~~~~~~~~~^~~~~~~~~~~~~[m[K
[1.559s] [01m[K/home/sedrica/ros2ppf_26_10/src/ppf/src/ppf_n.cpp:169:90:[m[K [01;35m[Kwarning: [m[Kcomparison of integer expressions of different signedness: ‘[01m[Kconst int[m[K’ and ‘[01m[Kstd::vector<int>::size_type[m[K’ {aka ‘[01m[Klong unsigned int[m[K’} [[01;35m[K-Wsign-compare[m[K]
[1.559s]   169 |  if (neighbor.x >= 0 && neighbor.x < grid.size() && neighbor.y >= 0 && [01;35m[Kneighbor.y < grid[0].size()[m[K && grid[neighbor.x][neighbor.y] != 1)
[1.559s]       |                                                                        [01;35m[K~~~~~~~~~~~^~~~~~~~~~~~~~~~[m[K
[1.559s] 
[1.560s] [01m[K/home/sedrica/ros2ppf_26_10/src/ppf/src/ppf_n.cpp:[m[K In function ‘[01m[Kvoid plotPoint(std::vector<std::vector<int> >&, const Point&)[m[K’:
[1.560s] [01m[K/home/sedrica/ros2ppf_26_10/src/ppf/src/ppf_n.cpp:195:21:[m[K [01;35m[Kwarning: [m[Kcomparison of integer expressions of different signedness: ‘[01m[Kint[m[K’ and ‘[01m[Kstd::vector<int>::size_type[m[K’ {aka ‘[01m[Klong unsigned int[m[K’} [[01;35m[K-Wsign-compare[m[K]
[1.560s]   195 |     if (x >= 0 && [01;35m[Kx < map[0].size()[m[K && y >= 0 && y < map.size())
[1.560s]       |                   [01;35m[K~~^~~~~~~~~~~~~~~[m[K
[1.561s] [01m[K/home/sedrica/ros2ppf_26_10/src/ppf/src/ppf_n.cpp:195:52:[m[K [01;35m[Kwarning: [m[Kcomparison of integer expressions of different signedness: ‘[01m[Kint[m[K’ and ‘[01m[Kstd::vector<std::vector<int> >::size_type[m[K’ {aka ‘[01m[Klong unsigned int[m[K’} [[01;35m[K-Wsign-compare[m[K]
[1.561s]   195 |     if (x >= 0 && x < map[0].size() && y >= 0 && [01;35m[Ky < map.size()[m[K)
[1.561s]       |                                                  [01;35m[K~~^~~~~~~~~~~~[m[K
[1.561s] [01m[K/home/sedrica/ros2ppf_26_10/src/ppf/src/ppf_n.cpp:[m[K In function ‘[01m[Kstd::vector<std::vector<int> > predictivePotentialFieldPlanner(std::vector<std::vector<int> >&, Point, Point, int, float, int)[m[K’:
[1.561s] [01m[K/home/sedrica/ros2ppf_26_10/src/ppf/src/ppf_n.cpp:260:18:[m[K [01;35m[Kwarning: [m[Kcomparison of integer expressions of different signedness: ‘[01m[Kint[m[K’ and ‘[01m[Kstd::vector<std::vector<int> >::size_type[m[K’ {aka ‘[01m[Klong unsigned int[m[K’} [[01;35m[K-Wsign-compare[m[K]
[1.561s]   260 |     for(int i=0;[01;35m[Ki<smoothed_path.size()[m[K;i++){
[1.561s]       |                 [01;35m[K~^~~~~~~~~~~~~~~~~~~~~[m[K
[1.562s] [01m[K/home/sedrica/ros2ppf_26_10/src/ppf/src/ppf_n.cpp:236:144:[m[K [01;35m[Kwarning: [m[Kunused parameter ‘[01m[Kresolution[m[K’ [[01;35m[K-Wunused-parameter[m[K]
[1.562s]   236 | (std::vector<std::vector<int>> &grid, Point start, Point goal, int max_iter,[01;35m[Kfloat resolution[m[K,int smoothPasses)
[1.562s]       |                                                                             [01;35m[K~~~~~~^~~~~~~~~~[m[K
[1.562s] 
[1.601s] [01m[K/home/sedrica/ros2ppf_26_10/src/ppf/src/ppfnode.cpp:[m[K In member function ‘[01m[Kvoid PPFNode::targetCallback(visualization_msgs::msg::Marker_<std::allocator<void> >::SharedPtr)[m[K’:
[1.602s] [01m[K/home/sedrica/ros2ppf_26_10/src/ppf/src/ppfnode.cpp:93:16:[m[K [01;35m[Kwarning: [m[Kunused variable ‘[01m[Kqz[m[K’ [[01;35m[K-Wunused-variable[m[K]
[1.602s]    93 |         double [01;35m[Kqz[m[K = marker->pose.orientation.z;
[1.602s]       |                [01;35m[K^~[m[K
[1.602s] [01m[K/home/sedrica/ros2ppf_26_10/src/ppf/src/ppfnode.cpp:94:16:[m[K [01;35m[Kwarning: [m[Kunused variable ‘[01m[Kqw[m[K’ [[01;35m[K-Wunused-variable[m[K]
[1.602s]    94 |         double [01;35m[Kqw[m[K = marker->pose.orientation.w;
[1.602s]       |                [01;35m[K^~[m[K
[1.605s] [01m[K/home/sedrica/ros2ppf_26_10/src/ppf/src/ppfnode.cpp:[m[K In member function ‘[01m[Kvoid PPFNode::occupancyGridCallback(nav_msgs::msg::OccupancyGrid_<std::allocator<void> >::SharedPtr)[m[K’:
[1.605s] [01m[K/home/sedrica/ros2ppf_26_10/src/ppf/src/ppfnode.cpp:138:16:[m[K [01;31m[Kerror: [m[Kexpected identifier before numeric constant
[1.605s]   138 |         path={[[01;31m[K40.0[m[K,20.0],[30.0,10.0],[20.0,0]};
[1.605s]       |                [01;31m[K^~~~[m[K
[1.605s] [01m[K/home/sedrica/ros2ppf_26_10/src/ppf/src/ppfnode.cpp:138:20:[m[K [01;31m[Kerror: [m[Kexpected ‘[01m[K][m[K’ before ‘[01m[K,[m[K’ token
[1.605s]   138 |         path={[40.0[01;31m[K,[m[K20.0],[30.0,10.0],[20.0,0]};
[1.606s]       |                    [01;31m[K^[m[K
[1.606s]       |                    [32m[K][m[K
[1.606s] [01m[K/home/sedrica/ros2ppf_26_10/src/ppf/src/ppfnode.cpp:[m[K In lambda function:
[1.606s] [01m[K/home/sedrica/ros2ppf_26_10/src/ppf/src/ppfnode.cpp:138:20:[m[K [01;31m[Kerror: [m[Kexpected ‘[01m[K{[m[K’ before ‘[01m[K,[m[K’ token
[1.606s] [01m[K/home/sedrica/ros2ppf_26_10/src/ppf/src/ppfnode.cpp:[m[K In member function ‘[01m[Kvoid PPFNode::occupancyGridCallback(nav_msgs::msg::OccupancyGrid_<std::allocator<void> >::SharedPtr)[m[K’:
[1.607s] [01m[K/home/sedrica/ros2ppf_26_10/src/ppf/src/ppfnode.cpp:138:25:[m[K [01;31m[Kerror: [m[Kexpected ‘[01m[K}[m[K’ before ‘[01m[K][m[K’ token
[1.607s]   138 |         path=[32m[K{[m[K[40.0,20.0[01;31m[K][m[K,[30.0,10.0],[20.0,0]};
[1.607s]       |              [32m[K~[m[K          [01;31m[K^[m[K
[1.607s] [01m[K/home/sedrica/ros2ppf_26_10/src/ppf/src/ppfnode.cpp:138:25:[m[K [01;31m[Kerror: [m[Kno match for ‘[01m[Koperator=[m[K’ (operand types are ‘[01m[Kstd::vector<std::vector<int> >[m[K’ and ‘[01m[K<brace-enclosed initializer list>[m[K’)
[1.607s] In file included from [01m[K/usr/include/c++/9/vector:72[m[K,
[1.607s]                  from [01m[K/opt/ros/foxy/include/rclcpp/executor.hpp:27[m[K,
[1.608s]                  from [01m[K/opt/ros/foxy/include/rclcpp/executors/multi_threaded_executor.hpp:26[m[K,
[1.608s]                  from [01m[K/opt/ros/foxy/include/rclcpp/executors.hpp:21[m[K,
[1.608s]                  from [01m[K/opt/ros/foxy/include/rclcpp/rclcpp.hpp:146[m[K,
[1.608s]                  from [01m[K/home/sedrica/ros2ppf_26_10/src/ppf/src/ppfnode.cpp:1[m[K:
[1.608s] [01m[K/usr/include/c++/9/bits/vector.tcc:198:5:[m[K [01;36m[Knote: [m[Kcandidate: ‘[01m[Kstd::vector<_Tp, _Alloc>& std::vector<_Tp, _Alloc>::operator=(const std::vector<_Tp, _Alloc>&) [with _Tp = std::vector<int>; _Alloc = std::allocator<std::vector<int> >][m[K’
[1.608s]   198 |     [01;36m[Kvector<_Tp, _Alloc>[m[K::
[1.609s]       |     [01;36m[K^~~~~~~~~~~~~~~~~~~[m[K
[1.609s] [01m[K/usr/include/c++/9/bits/vector.tcc:199:42:[m[K [01;36m[Knote: [m[K  no known conversion for argument 1 from ‘[01m[K<brace-enclosed initializer list>[m[K’ to ‘[01m[Kconst std::vector<std::vector<int> >&[m[K’
[1.609s]   199 |     operator=([01;36m[Kconst vector<_Tp, _Alloc>& __x[m[K)
[1.609s]       |               [01;36m[K~~~~~~~~~~~~~~~~~~~~~~~~~~~^~~[m[K
[1.609s] In file included from [01m[K/usr/include/c++/9/vector:67[m[K,
[1.609s]                  from [01m[K/opt/ros/foxy/include/rclcpp/executor.hpp:27[m[K,
[1.609s]                  from [01m[K/opt/ros/foxy/include/rclcpp/executors/multi_threaded_executor.hpp:26[m[K,
[1.609s]                  from [01m[K/opt/ros/foxy/include/rclcpp/executors.hpp:21[m[K,
[1.610s]                  from [01m[K/opt/ros/foxy/include/rclcpp/rclcpp.hpp:146[m[K,
[1.610s]                  from [01m[K/home/sedrica/ros2ppf_26_10/src/ppf/src/ppfnode.cpp:1[m[K:
[1.610s] [01m[K/usr/include/c++/9/bits/stl_vector.h:706:7:[m[K [01;36m[Knote: [m[Kcandidate: ‘[01m[Kstd::vector<_Tp, _Alloc>& std::vector<_Tp, _Alloc>::operator=(std::vector<_Tp, _Alloc>&&) [with _Tp = std::vector<int>; _Alloc = std::allocator<std::vector<int> >][m[K’
[1.610s]   706 |       [01;36m[Koperator[m[K=(vector&& __x) noexcept(_Alloc_traits::_S_nothrow_move())
[1.610s]       |       [01;36m[K^~~~~~~~[m[K
[1.611s] [01m[K/usr/include/c++/9/bits/stl_vector.h:706:26:[m[K [01;36m[Knote: [m[K  no known conversion for argument 1 from ‘[01m[K<brace-enclosed initializer list>[m[K’ to ‘[01m[Kstd::vector<std::vector<int> >&&[m[K’
[1.611s]   706 |       operator=([01;36m[Kvector&& __x[m[K) noexcept(_Alloc_traits::_S_nothrow_move())
[1.611s]       |                 [01;36m[K~~~~~~~~~^~~[m[K
[1.611s] [01m[K/usr/include/c++/9/bits/stl_vector.h:727:7:[m[K [01;36m[Knote: [m[Kcandidate: ‘[01m[Kstd::vector<_Tp, _Alloc>& std::vector<_Tp, _Alloc>::operator=(std::initializer_list<_Tp>) [with _Tp = std::vector<int>; _Alloc = std::allocator<std::vector<int> >][m[K’
[1.611s]   727 |       [01;36m[Koperator[m[K=(initializer_list<value_type> __l)
[1.611s]       |       [01;36m[K^~~~~~~~[m[K
[1.611s] [01m[K/usr/include/c++/9/bits/stl_vector.h:727:46:[m[K [01;36m[Knote: [m[K  no known conversion for argument 1 from ‘[01m[K<brace-enclosed initializer list>[m[K’ to ‘[01m[Kstd::initializer_list<std::vector<int> >[m[K’
[1.612s]   727 |       operator=([01;36m[Kinitializer_list<value_type> __l[m[K)
[1.612s]       |                 [01;36m[K~~~~~~~~~~~~~~~~~~~~~~~~~~~~~^~~[m[K
[3.316s] make[2]: *** [CMakeFiles/ppf_node.dir/build.make:63: CMakeFiles/ppf_node.dir/src/ppfnode.cpp.o] Error 1
[3.317s] make[1]: *** [CMakeFiles/Makefile2:78: CMakeFiles/ppf_node.dir/all] Error 2
[3.317s] make: *** [Makefile:141: all] Error 2
[3.320s] Invoked command in '/home/sedrica/ros2ppf_26_10/build/ppf_node' returned '2': CMAKE_PREFIX_PATH=${CMAKE_PREFIX_PATH}:/home/sedrica/ros2ppf_26_10/install/extras:/home/sedrica/ros2ppf/install/extras:/opt/ros/foxy /usr/bin/cmake --build /home/sedrica/ros2ppf_26_10/build/ppf_node -- -j20 -l20
