/home/sedrica/ros2ppf_26_10/install/extras/lib/python3.8/site-packages/extras/direction.py
/home/sedrica/ros2ppf_26_10/install/extras/lib/python3.8/site-packages/extras/convertor.py
/home/sedrica/ros2ppf_26_10/install/extras/lib/python3.8/site-packages/extras/__init__.py
/home/sedrica/ros2ppf_26_10/install/extras/lib/python3.8/site-packages/extras/tests.py
/home/sedrica/ros2ppf_26_10/install/extras/lib/python3.8/site-packages/extras/frametf.py
/home/sedrica/ros2ppf_26_10/install/extras/lib/python3.8/site-packages/extras/__pycache__/direction.cpython-38.pyc
/home/sedrica/ros2ppf_26_10/install/extras/lib/python3.8/site-packages/extras/__pycache__/convertor.cpython-38.pyc
/home/sedrica/ros2ppf_26_10/install/extras/lib/python3.8/site-packages/extras/__pycache__/__init__.cpython-38.pyc
/home/sedrica/ros2ppf_26_10/install/extras/lib/python3.8/site-packages/extras/__pycache__/tests.cpython-38.pyc
/home/sedrica/ros2ppf_26_10/install/extras/lib/python3.8/site-packages/extras/__pycache__/frametf.cpython-38.pyc
/home/sedrica/ros2ppf_26_10/install/extras/share/ament_index/resource_index/packages/extras
/home/sedrica/ros2ppf_26_10/install/extras/share/extras/package.xml
/home/sedrica/ros2ppf_26_10/install/extras/lib/python3.8/site-packages/extras-0.0.0-py3.8.egg-info/entry_points.txt
/home/sedrica/ros2ppf_26_10/install/extras/lib/python3.8/site-packages/extras-0.0.0-py3.8.egg-info/zip-safe
/home/sedrica/ros2ppf_26_10/install/extras/lib/python3.8/site-packages/extras-0.0.0-py3.8.egg-info/requires.txt
/home/sedrica/ros2ppf_26_10/install/extras/lib/python3.8/site-packages/extras-0.0.0-py3.8.egg-info/dependency_links.txt
/home/sedrica/ros2ppf_26_10/install/extras/lib/python3.8/site-packages/extras-0.0.0-py3.8.egg-info/top_level.txt
/home/sedrica/ros2ppf_26_10/install/extras/lib/python3.8/site-packages/extras-0.0.0-py3.8.egg-info/PKG-INFO
/home/sedrica/ros2ppf_26_10/install/extras/lib/python3.8/site-packages/extras-0.0.0-py3.8.egg-info/SOURCES.txt
/home/sedrica/ros2ppf_26_10/install/extras/lib/extras/convertor
/home/sedrica/ros2ppf_26_10/install/extras/lib/extras/direction
/home/sedrica/ros2ppf_26_10/install/extras/lib/extras/frametf
/home/sedrica/ros2ppf_26_10/install/extras/lib/extras/tests
