[0.973s] Invoking command in '/home/sedrica/ros2ppf_26_10/src/extras': PYTHONPATH=/home/sedrica/ros2ppf_26_10/build/extras/prefix_override:/usr/lib/python3/dist-packages/colcon_core/task/python/colcon_distutils_commands:/home/sedrica/ros2ppf_26_10/install/extras/lib/python3.8/site-packages:${PYTHONPATH} /usr/bin/python3 -W ignore:setup.py install is deprecated setup.py egg_info --egg-base ../../build/extras build --build-base /home/sedrica/ros2ppf_26_10/build/extras/build install --record /home/sedrica/ros2ppf_26_10/build/extras/install.log --install-scripts $base/lib/extras --single-version-externally-managed install_data
[1.143s] /home/sedrica/.local/lib/python3.8/site-packages/setuptools/dist.py:491: SetuptoolsDeprecationWarning: Invalid dash-separated options
[1.144s] !!
[1.144s] 
[1.144s]         ********************************************************************************
[1.144s]         Usage of dash-separated 'script-dir' will not be supported in future
[1.144s]         versions. Please use the underscore name 'script_dir' instead.
[1.144s] 
[1.145s]         By 2025-Mar-03, you need to update your project and remove deprecated calls
[1.145s]         or your builds will no longer be supported.
[1.145s] 
[1.145s]         See https://setuptools.pypa.io/en/latest/userguide/declarative_config.html for details.
[1.145s]         ********************************************************************************
[1.145s] 
[1.145s] !!
[1.146s]   opt = self.warn_dash_deprecation(opt, section)
[1.164s] /home/sedrica/.local/lib/python3.8/site-packages/setuptools/_distutils/dist.py:261: UserWarning: Unknown distribution option: 'tests_require'
[1.165s]   warnings.warn(msg)
[1.287s] running egg_info
[1.307s] writing ../../build/extras/extras.egg-info/PKG-INFO
[1.307s] writing dependency_links to ../../build/extras/extras.egg-info/dependency_links.txt
[1.308s] writing entry points to ../../build/extras/extras.egg-info/entry_points.txt
[1.308s] writing requirements to ../../build/extras/extras.egg-info/requires.txt
[1.308s] writing top-level names to ../../build/extras/extras.egg-info/top_level.txt
[1.436s] reading manifest file '../../build/extras/extras.egg-info/SOURCES.txt'
[1.437s] writing manifest file '../../build/extras/extras.egg-info/SOURCES.txt'
[1.437s] running build
[1.437s] running build_py
[1.438s] copying extras/direction.py -> /home/sedrica/ros2ppf_26_10/build/extras/build/lib/extras
[1.438s] copying extras/tests.py -> /home/sedrica/ros2ppf_26_10/build/extras/build/lib/extras
[1.438s] copying extras/frametf.py -> /home/sedrica/ros2ppf_26_10/build/extras/build/lib/extras
[1.438s] running install
[1.442s] running install_lib
[1.463s] copying /home/sedrica/ros2ppf_26_10/build/extras/build/lib/extras/tests.py -> /home/sedrica/ros2ppf_26_10/install/extras/lib/python3.8/site-packages/extras
[1.463s] byte-compiling /home/sedrica/ros2ppf_26_10/install/extras/lib/python3.8/site-packages/extras/tests.py to tests.cpython-38.pyc
[1.464s] running install_data
[1.464s] running install_egg_info
[1.486s] removing '/home/sedrica/ros2ppf_26_10/install/extras/lib/python3.8/site-packages/extras-0.0.0-py3.8.egg-info' (and everything under it)
[1.486s] Copying ../../build/extras/extras.egg-info to /home/sedrica/ros2ppf_26_10/install/extras/lib/python3.8/site-packages/extras-0.0.0-py3.8.egg-info
[1.486s] running install_scripts
[1.533s] Installing convertor script to /home/sedrica/ros2ppf_26_10/install/extras/lib/extras
[1.533s] Installing direction script to /home/sedrica/ros2ppf_26_10/install/extras/lib/extras
[1.533s] Installing frametf script to /home/sedrica/ros2ppf_26_10/install/extras/lib/extras
[1.534s] Installing tests script to /home/sedrica/ros2ppf_26_10/install/extras/lib/extras
[1.534s] writing list of installed files to '/home/sedrica/ros2ppf_26_10/build/extras/install.log'
[1.556s] Invoked command in '/home/sedrica/ros2ppf_26_10/src/extras' returned '0': PYTHONPATH=/home/sedrica/ros2ppf_26_10/build/extras/prefix_override:/usr/lib/python3/dist-packages/colcon_core/task/python/colcon_distutils_commands:/home/sedrica/ros2ppf_26_10/install/extras/lib/python3.8/site-packages:${PYTHONPATH} /usr/bin/python3 -W ignore:setup.py install is deprecated setup.py egg_info --egg-base ../../build/extras build --build-base /home/sedrica/ros2ppf_26_10/build/extras/build install --record /home/sedrica/ros2ppf_26_10/build/extras/install.log --install-scripts $base/lib/extras --single-version-externally-managed install_data
