[0.949s] Invoking command in '/home/sedrica/ros2ppf_26_10/src/extras': PYTHONPATH=/home/sedrica/ros2ppf_26_10/build/extras/prefix_override:/usr/lib/python3/dist-packages/colcon_core/task/python/colcon_distutils_commands:/home/sedrica/ros2ppf_26_10/install/extras/lib/python3.8/site-packages:${PYTHONPATH} /usr/bin/python3 -W ignore:setup.py install is deprecated setup.py egg_info --egg-base ../../build/extras build --build-base /home/sedrica/ros2ppf_26_10/build/extras/build install --record /home/sedrica/ros2ppf_26_10/build/extras/install.log --install-scripts $base/lib/extras --single-version-externally-managed install_data
[1.114s] /home/sedrica/.local/lib/python3.8/site-packages/setuptools/dist.py:491: SetuptoolsDeprecationWarning: Invalid dash-separated options
[1.114s] !!
[1.114s] 
[1.114s]         ********************************************************************************
[1.115s]         Usage of dash-separated 'script-dir' will not be supported in future
[1.115s]         versions. Please use the underscore name 'script_dir' instead.
[1.115s] 
[1.115s]         By 2025-Mar-03, you need to update your project and remove deprecated calls
[1.115s]         or your builds will no longer be supported.
[1.115s] 
[1.115s]         See https://setuptools.pypa.io/en/latest/userguide/declarative_config.html for details.
[1.116s]         ********************************************************************************
[1.116s] 
[1.116s] !!
[1.116s]   opt = self.warn_dash_deprecation(opt, section)
[1.135s] /home/sedrica/.local/lib/python3.8/site-packages/setuptools/_distutils/dist.py:261: UserWarning: Unknown distribution option: 'tests_require'
[1.135s]   warnings.warn(msg)
[1.257s] running egg_info
[1.277s] writing ../../build/extras/extras.egg-info/PKG-INFO
[1.277s] writing dependency_links to ../../build/extras/extras.egg-info/dependency_links.txt
[1.278s] writing entry points to ../../build/extras/extras.egg-info/entry_points.txt
[1.278s] writing requirements to ../../build/extras/extras.egg-info/requires.txt
[1.278s] writing top-level names to ../../build/extras/extras.egg-info/top_level.txt
[1.405s] reading manifest file '../../build/extras/extras.egg-info/SOURCES.txt'
[1.406s] writing manifest file '../../build/extras/extras.egg-info/SOURCES.txt'
[1.406s] running build
[1.407s] running build_py
[1.407s] copying extras/direction.py -> /home/sedrica/ros2ppf_26_10/build/extras/build/lib/extras
[1.407s] copying extras/tests.py -> /home/sedrica/ros2ppf_26_10/build/extras/build/lib/extras
[1.407s] copying extras/frametf.py -> /home/sedrica/ros2ppf_26_10/build/extras/build/lib/extras
[1.407s] running install
[1.412s] running install_lib
[1.432s] copying /home/sedrica/ros2ppf_26_10/build/extras/build/lib/extras/tests.py -> /home/sedrica/ros2ppf_26_10/install/extras/lib/python3.8/site-packages/extras
[1.432s] byte-compiling /home/sedrica/ros2ppf_26_10/install/extras/lib/python3.8/site-packages/extras/tests.py to tests.cpython-38.pyc
[1.433s] running install_data
[1.433s] running install_egg_info
[1.454s] removing '/home/sedrica/ros2ppf_26_10/install/extras/lib/python3.8/site-packages/extras-0.0.0-py3.8.egg-info' (and everything under it)
[1.455s] Copying ../../build/extras/extras.egg-info to /home/sedrica/ros2ppf_26_10/install/extras/lib/python3.8/site-packages/extras-0.0.0-py3.8.egg-info
[1.455s] running install_scripts
[1.501s] Installing convertor script to /home/sedrica/ros2ppf_26_10/install/extras/lib/extras
[1.501s] Installing direction script to /home/sedrica/ros2ppf_26_10/install/extras/lib/extras
[1.501s] Installing frametf script to /home/sedrica/ros2ppf_26_10/install/extras/lib/extras
[1.501s] Installing tests script to /home/sedrica/ros2ppf_26_10/install/extras/lib/extras
[1.502s] writing list of installed files to '/home/sedrica/ros2ppf_26_10/build/extras/install.log'
[1.523s] Invoked command in '/home/sedrica/ros2ppf_26_10/src/extras' returned '0': PYTHONPATH=/home/sedrica/ros2ppf_26_10/build/extras/prefix_override:/usr/lib/python3/dist-packages/colcon_core/task/python/colcon_distutils_commands:/home/sedrica/ros2ppf_26_10/install/extras/lib/python3.8/site-packages:${PYTHONPATH} /usr/bin/python3 -W ignore:setup.py install is deprecated setup.py egg_info --egg-base ../../build/extras build --build-base /home/sedrica/ros2ppf_26_10/build/extras/build install --record /home/sedrica/ros2ppf_26_10/build/extras/install.log --install-scripts $base/lib/extras --single-version-externally-managed install_data
