[0.267s] [34mcolcon[0m [1;30mDEBUG[0m [32mCommand line arguments: ['/usr/bin/colcon', 'build'][0m
[0.267s] [34mcolcon[0m [1;30mDEBUG[0m [32mParsed command line arguments: Namespace(allow_overriding=[], ament_cmake_args=None, base_paths=['.'], build_base='build', catkin_cmake_args=None, catkin_skip_building_tests=False, cmake_args=None, cmake_clean_cache=False, cmake_clean_first=False, cmake_force_configure=False, cmake_target=None, cmake_target_skip_unavailable=False, continue_on_error=False, event_handlers=None, executor='parallel', ignore_user_meta=False, install_base='install', log_base=None, log_level=None, main=<bound method BuildVerb.main of <colcon_core.verb.build.BuildVerb object at 0x7f4bbbf07eb0>>, merge_install=False, metas=['./colcon.meta'], packages_above=None, packages_above_and_dependencies=None, packages_above_depth=None, packages_end=None, packages_ignore=None, packages_ignore_regex=None, packages_select=None, packages_select_build_failed=False, packages_select_by_dep=None, packages_select_regex=None, packages_select_test_failures=False, packages_skip=None, packages_skip_build_finished=False, packages_skip_by_dep=None, packages_skip_regex=None, packages_skip_test_passed=False, packages_skip_up_to=None, packages_start=None, packages_up_to=None, packages_up_to_regex=None, parallel_workers=20, paths=None, symlink_install=False, test_result_base=None, verb_extension=<colcon_core.verb.build.BuildVerb object at 0x7f4bbbf07eb0>, verb_name='build', verb_parser=<colcon_defaults.argument_parser.defaults.DefaultArgumentsDecorator object at 0x7f4bbbf16370>)[0m
[0.305s] [34mcolcon.colcon_core.package_discovery[0m [1;30mLevel 1[0m discover_packages(colcon_meta) check parameters
[0.305s] [34mcolcon.colcon_core.package_discovery[0m [1;30mLevel 1[0m discover_packages(recursive) check parameters
[0.305s] [34mcolcon.colcon_core.package_discovery[0m [1;30mLevel 1[0m discover_packages(ignore) check parameters
[0.305s] [34mcolcon.colcon_core.package_discovery[0m [1;30mLevel 1[0m discover_packages(path) check parameters
[0.305s] [34mcolcon.colcon_core.package_discovery[0m [1;30mLevel 1[0m discover_packages(colcon_meta) discover
[0.305s] [34mcolcon.colcon_core.package_discovery[0m [1;30mLevel 1[0m discover_packages(recursive) discover
[0.305s] [34mcolcon.colcon_core.package_discovery[0m [1;30mINFO[0m Crawling recursively for packages in '/home/sedrica/ros2ppf_26_10'
[0.305s] [34mcolcon.colcon_core.package_identification[0m [1;30mLevel 1[0m _identify(.) by extensions ['ignore', 'ignore_ament_install']
[0.305s] [34mcolcon.colcon_core.package_identification[0m [1;30mLevel 1[0m _identify(.) by extension 'ignore'
[0.305s] [34mcolcon.colcon_core.package_identification[0m [1;30mLevel 1[0m _identify(.) by extension 'ignore_ament_install'
[0.305s] [34mcolcon.colcon_core.package_identification[0m [1;30mLevel 1[0m _identify(.) by extensions ['colcon_pkg']
[0.305s] [34mcolcon.colcon_core.package_identification[0m [1;30mLevel 1[0m _identify(.) by extension 'colcon_pkg'
[0.305s] [34mcolcon.colcon_core.package_identification[0m [1;30mLevel 1[0m _identify(.) by extensions ['colcon_meta']
[0.305s] [34mcolcon.colcon_core.package_identification[0m [1;30mLevel 1[0m _identify(.) by extension 'colcon_meta'
[0.305s] [34mcolcon.colcon_core.package_identification[0m [1;30mLevel 1[0m _identify(.) by extensions ['ros']
[0.305s] [34mcolcon.colcon_core.package_identification[0m [1;30mLevel 1[0m _identify(.) by extension 'ros'
[0.318s] [34mcolcon.colcon_core.package_identification[0m [1;30mLevel 1[0m _identify(.) by extensions ['cmake', 'python']
[0.318s] [34mcolcon.colcon_core.package_identification[0m [1;30mLevel 1[0m _identify(.) by extension 'cmake'
[0.318s] [34mcolcon.colcon_core.package_identification[0m [1;30mLevel 1[0m _identify(.) by extension 'python'
[0.318s] [34mcolcon.colcon_core.package_identification[0m [1;30mLevel 1[0m _identify(.) by extensions ['python_setup_py']
[0.318s] [34mcolcon.colcon_core.package_identification[0m [1;30mLevel 1[0m _identify(.) by extension 'python_setup_py'
[0.318s] [34mcolcon.colcon_core.package_identification[0m [1;30mLevel 1[0m _identify(build) by extensions ['ignore', 'ignore_ament_install']
[0.318s] [34mcolcon.colcon_core.package_identification[0m [1;30mLevel 1[0m _identify(build) by extension 'ignore'
[0.318s] [34mcolcon.colcon_core.package_identification[0m [1;30mLevel 1[0m _identify(build) ignored
[0.318s] [34mcolcon.colcon_core.package_identification[0m [1;30mLevel 1[0m _identify(install) by extensions ['ignore', 'ignore_ament_install']
[0.318s] [34mcolcon.colcon_core.package_identification[0m [1;30mLevel 1[0m _identify(install) by extension 'ignore'
[0.318s] [34mcolcon.colcon_core.package_identification[0m [1;30mLevel 1[0m _identify(install) ignored
[0.318s] [34mcolcon.colcon_core.package_identification[0m [1;30mLevel 1[0m _identify(johan_bag_hai) by extensions ['ignore', 'ignore_ament_install']
[0.318s] [34mcolcon.colcon_core.package_identification[0m [1;30mLevel 1[0m _identify(johan_bag_hai) by extension 'ignore'
[0.318s] [34mcolcon.colcon_core.package_identification[0m [1;30mLevel 1[0m _identify(johan_bag_hai) by extension 'ignore_ament_install'
[0.318s] [34mcolcon.colcon_core.package_identification[0m [1;30mLevel 1[0m _identify(johan_bag_hai) by extensions ['colcon_pkg']
[0.318s] [34mcolcon.colcon_core.package_identification[0m [1;30mLevel 1[0m _identify(johan_bag_hai) by extension 'colcon_pkg'
[0.318s] [34mcolcon.colcon_core.package_identification[0m [1;30mLevel 1[0m _identify(johan_bag_hai) by extensions ['colcon_meta']
[0.318s] [34mcolcon.colcon_core.package_identification[0m [1;30mLevel 1[0m _identify(johan_bag_hai) by extension 'colcon_meta'
[0.319s] [34mcolcon.colcon_core.package_identification[0m [1;30mLevel 1[0m _identify(johan_bag_hai) by extensions ['ros']
[0.319s] [34mcolcon.colcon_core.package_identification[0m [1;30mLevel 1[0m _identify(johan_bag_hai) by extension 'ros'
[0.319s] [34mcolcon.colcon_core.package_identification[0m [1;30mLevel 1[0m _identify(johan_bag_hai) by extensions ['cmake', 'python']
[0.319s] [34mcolcon.colcon_core.package_identification[0m [1;30mLevel 1[0m _identify(johan_bag_hai) by extension 'cmake'
[0.319s] [34mcolcon.colcon_core.package_identification[0m [1;30mLevel 1[0m _identify(johan_bag_hai) by extension 'python'
[0.319s] [34mcolcon.colcon_core.package_identification[0m [1;30mLevel 1[0m _identify(johan_bag_hai) by extensions ['python_setup_py']
[0.319s] [34mcolcon.colcon_core.package_identification[0m [1;30mLevel 1[0m _identify(johan_bag_hai) by extension 'python_setup_py'
[0.319s] [34mcolcon.colcon_core.package_identification[0m [1;30mLevel 1[0m _identify(log) by extensions ['ignore', 'ignore_ament_install']
[0.319s] [34mcolcon.colcon_core.package_identification[0m [1;30mLevel 1[0m _identify(log) by extension 'ignore'
[0.319s] [34mcolcon.colcon_core.package_identification[0m [1;30mLevel 1[0m _identify(log) ignored
[0.319s] [34mcolcon.colcon_core.package_identification[0m [1;30mLevel 1[0m _identify(src) by extensions ['ignore', 'ignore_ament_install']
[0.319s] [34mcolcon.colcon_core.package_identification[0m [1;30mLevel 1[0m _identify(src) by extension 'ignore'
[0.319s] [34mcolcon.colcon_core.package_identification[0m [1;30mLevel 1[0m _identify(src) by extension 'ignore_ament_install'
[0.319s] [34mcolcon.colcon_core.package_identification[0m [1;30mLevel 1[0m _identify(src) by extensions ['colcon_pkg']
[0.319s] [34mcolcon.colcon_core.package_identification[0m [1;30mLevel 1[0m _identify(src) by extension 'colcon_pkg'
[0.319s] [34mcolcon.colcon_core.package_identification[0m [1;30mLevel 1[0m _identify(src) by extensions ['colcon_meta']
[0.319s] [34mcolcon.colcon_core.package_identification[0m [1;30mLevel 1[0m _identify(src) by extension 'colcon_meta'
[0.319s] [34mcolcon.colcon_core.package_identification[0m [1;30mLevel 1[0m _identify(src) by extensions ['ros']
[0.319s] [34mcolcon.colcon_core.package_identification[0m [1;30mLevel 1[0m _identify(src) by extension 'ros'
[0.319s] [34mcolcon.colcon_core.package_identification[0m [1;30mLevel 1[0m _identify(src) by extensions ['cmake', 'python']
[0.319s] [34mcolcon.colcon_core.package_identification[0m [1;30mLevel 1[0m _identify(src) by extension 'cmake'
[0.319s] [34mcolcon.colcon_core.package_identification[0m [1;30mLevel 1[0m _identify(src) by extension 'python'
[0.319s] [34mcolcon.colcon_core.package_identification[0m [1;30mLevel 1[0m _identify(src) by extensions ['python_setup_py']
[0.319s] [34mcolcon.colcon_core.package_identification[0m [1;30mLevel 1[0m _identify(src) by extension 'python_setup_py'
[0.320s] [34mcolcon.colcon_core.package_identification[0m [1;30mLevel 1[0m _identify(src/extras) by extensions ['ignore', 'ignore_ament_install']
[0.320s] [34mcolcon.colcon_core.package_identification[0m [1;30mLevel 1[0m _identify(src/extras) by extension 'ignore'
[0.320s] [34mcolcon.colcon_core.package_identification[0m [1;30mLevel 1[0m _identify(src/extras) by extension 'ignore_ament_install'
[0.320s] [34mcolcon.colcon_core.package_identification[0m [1;30mLevel 1[0m _identify(src/extras) by extensions ['colcon_pkg']
[0.320s] [34mcolcon.colcon_core.package_identification[0m [1;30mLevel 1[0m _identify(src/extras) by extension 'colcon_pkg'
[0.320s] [34mcolcon.colcon_core.package_identification[0m [1;30mLevel 1[0m _identify(src/extras) by extensions ['colcon_meta']
[0.320s] [34mcolcon.colcon_core.package_identification[0m [1;30mLevel 1[0m _identify(src/extras) by extension 'colcon_meta'
[0.320s] [34mcolcon.colcon_core.package_identification[0m [1;30mLevel 1[0m _identify(src/extras) by extensions ['ros']
[0.320s] [34mcolcon.colcon_core.package_identification[0m [1;30mLevel 1[0m _identify(src/extras) by extension 'ros'
[0.322s] [34mcolcon.colcon_core.package_identification[0m [1;30mDEBUG[0m [32mPackage 'src/extras' with type 'ros.ament_python' and name 'extras'[0m
[0.322s] [34mcolcon.colcon_core.package_identification[0m [1;30mLevel 1[0m _identify(src/odom_publisher_pkg) by extensions ['ignore', 'ignore_ament_install']
[0.322s] [34mcolcon.colcon_core.package_identification[0m [1;30mLevel 1[0m _identify(src/odom_publisher_pkg) by extension 'ignore'
[0.322s] [34mcolcon.colcon_core.package_identification[0m [1;30mLevel 1[0m _identify(src/odom_publisher_pkg) by extension 'ignore_ament_install'
[0.322s] [34mcolcon.colcon_core.package_identification[0m [1;30mLevel 1[0m _identify(src/odom_publisher_pkg) by extensions ['colcon_pkg']
[0.322s] [34mcolcon.colcon_core.package_identification[0m [1;30mLevel 1[0m _identify(src/odom_publisher_pkg) by extension 'colcon_pkg'
[0.322s] [34mcolcon.colcon_core.package_identification[0m [1;30mLevel 1[0m _identify(src/odom_publisher_pkg) by extensions ['colcon_meta']
[0.322s] [34mcolcon.colcon_core.package_identification[0m [1;30mLevel 1[0m _identify(src/odom_publisher_pkg) by extension 'colcon_meta'
[0.322s] [34mcolcon.colcon_core.package_identification[0m [1;30mLevel 1[0m _identify(src/odom_publisher_pkg) by extensions ['ros']
[0.322s] [34mcolcon.colcon_core.package_identification[0m [1;30mLevel 1[0m _identify(src/odom_publisher_pkg) by extension 'ros'
[0.323s] [34mcolcon.colcon_core.package_identification[0m [1;30mDEBUG[0m [32mPackage 'src/odom_publisher_pkg' with type 'ros.ament_cmake' and name 'odom_publisher_pkg'[0m
[0.323s] [34mcolcon.colcon_core.package_identification[0m [1;30mLevel 1[0m _identify(src/ppf) by extensions ['ignore', 'ignore_ament_install']
[0.323s] [34mcolcon.colcon_core.package_identification[0m [1;30mLevel 1[0m _identify(src/ppf) by extension 'ignore'
[0.323s] [34mcolcon.colcon_core.package_identification[0m [1;30mLevel 1[0m _identify(src/ppf) by extension 'ignore_ament_install'
[0.323s] [34mcolcon.colcon_core.package_identification[0m [1;30mLevel 1[0m _identify(src/ppf) by extensions ['colcon_pkg']
[0.323s] [34mcolcon.colcon_core.package_identification[0m [1;30mLevel 1[0m _identify(src/ppf) by extension 'colcon_pkg'
[0.324s] [34mcolcon.colcon_core.package_identification[0m [1;30mLevel 1[0m _identify(src/ppf) by extensions ['colcon_meta']
[0.324s] [34mcolcon.colcon_core.package_identification[0m [1;30mLevel 1[0m _identify(src/ppf) by extension 'colcon_meta'
[0.324s] [34mcolcon.colcon_core.package_identification[0m [1;30mLevel 1[0m _identify(src/ppf) by extensions ['ros']
[0.324s] [34mcolcon.colcon_core.package_identification[0m [1;30mLevel 1[0m _identify(src/ppf) by extension 'ros'
[0.324s] [34mcolcon.colcon_core.package_identification[0m [1;30mDEBUG[0m [32mPackage 'src/ppf' with type 'ros.ament_cmake' and name 'ppf_node'[0m
[0.324s] [34mcolcon.colcon_core.package_discovery[0m [1;30mLevel 1[0m discover_packages(recursive) using defaults
[0.324s] [34mcolcon.colcon_core.package_discovery[0m [1;30mLevel 1[0m discover_packages(ignore) discover
[0.324s] [34mcolcon.colcon_core.package_discovery[0m [1;30mLevel 1[0m discover_packages(ignore) using defaults
[0.324s] [34mcolcon.colcon_core.package_discovery[0m [1;30mLevel 1[0m discover_packages(path) discover
[0.324s] [34mcolcon.colcon_core.package_discovery[0m [1;30mLevel 1[0m discover_packages(path) using defaults
[0.338s] [34mcolcon.colcon_core.package_discovery[0m [1;30mLevel 1[0m discover_packages(prefix_path) check parameters
[0.338s] [34mcolcon.colcon_core.package_discovery[0m [1;30mLevel 1[0m discover_packages(prefix_path) discover
[0.339s] [34mcolcon.colcon_ros.prefix_path.ament[0m [1;30mWARNING[0m [33mThe path '/home/sedrica/ros2ppf_26_10/install/ppf_node' in the environment variable AMENT_PREFIX_PATH doesn't exist[0m
[0.339s] [34mcolcon.colcon_ros.prefix_path.ament[0m [1;30mWARNING[0m [33mThe path '/home/sedrica/ros2ppf_26_10/install/odom_publisher_pkg' in the environment variable AMENT_PREFIX_PATH doesn't exist[0m
[0.339s] [34mcolcon.colcon_ros.prefix_path.ament[0m [1;30mWARNING[0m [33mThe path '/home/sedrica/ros2ppf_26_10/install/extras' in the environment variable AMENT_PREFIX_PATH doesn't exist[0m
[0.339s] [34mcolcon.colcon_ros.prefix_path.catkin[0m [1;30mWARNING[0m [33mThe path '/home/sedrica/ros2ppf_26_10/install/ppf_node' in the environment variable CMAKE_PREFIX_PATH doesn't exist[0m
[0.339s] [34mcolcon.colcon_ros.prefix_path.catkin[0m [1;30mWARNING[0m [33mThe path '/home/sedrica/ros2ppf_26_10/install/odom_publisher_pkg' in the environment variable CMAKE_PREFIX_PATH doesn't exist[0m
[0.340s] [34mcolcon.colcon_installed_package_information.package_discovery[0m [1;30mDEBUG[0m [32mFound 0 installed packages in /home/sedrica/ros2ppf_26_10/install[0m
[0.340s] [34mcolcon.colcon_installed_package_information.package_discovery[0m [1;30mDEBUG[0m [32mFound 2 installed packages in /home/sedrica/ros2ppf/install[0m
[0.341s] [34mcolcon.colcon_installed_package_information.package_discovery[0m [1;30mDEBUG[0m [32mFound 265 installed packages in /opt/ros/foxy[0m
[0.344s] [34mcolcon.colcon_core.package_discovery[0m [1;30mLevel 1[0m discover_packages(prefix_path) using defaults
[0.389s] [34mcolcon.colcon_core.verb[0m [1;30mLevel 5[0m set package 'extras' build argument 'cmake_args' from command line to 'None'
[0.389s] [34mcolcon.colcon_core.verb[0m [1;30mLevel 5[0m set package 'extras' build argument 'cmake_target' from command line to 'None'
[0.389s] [34mcolcon.colcon_core.verb[0m [1;30mLevel 5[0m set package 'extras' build argument 'cmake_target_skip_unavailable' from command line to 'False'
[0.389s] [34mcolcon.colcon_core.verb[0m [1;30mLevel 5[0m set package 'extras' build argument 'cmake_clean_cache' from command line to 'False'
[0.389s] [34mcolcon.colcon_core.verb[0m [1;30mLevel 5[0m set package 'extras' build argument 'cmake_clean_first' from command line to 'False'
[0.389s] [34mcolcon.colcon_core.verb[0m [1;30mLevel 5[0m set package 'extras' build argument 'cmake_force_configure' from command line to 'False'
[0.389s] [34mcolcon.colcon_core.verb[0m [1;30mLevel 5[0m set package 'extras' build argument 'ament_cmake_args' from command line to 'None'
[0.390s] [34mcolcon.colcon_core.verb[0m [1;30mLevel 5[0m set package 'extras' build argument 'catkin_cmake_args' from command line to 'None'
[0.390s] [34mcolcon.colcon_core.verb[0m [1;30mLevel 5[0m set package 'extras' build argument 'catkin_skip_building_tests' from command line to 'False'
[0.390s] [34mcolcon.colcon_core.verb[0m [1;30mDEBUG[0m [32mBuilding package 'extras' with the following arguments: {'ament_cmake_args': None, 'build_base': '/home/sedrica/ros2ppf_26_10/build/extras', 'catkin_cmake_args': None, 'catkin_skip_building_tests': False, 'cmake_args': None, 'cmake_clean_cache': False, 'cmake_clean_first': False, 'cmake_force_configure': False, 'cmake_target': None, 'cmake_target_skip_unavailable': False, 'install_base': '/home/sedrica/ros2ppf_26_10/install/extras', 'merge_install': False, 'path': '/home/sedrica/ros2ppf_26_10/src/extras', 'symlink_install': False, 'test_result_base': None}[0m
[0.390s] [34mcolcon.colcon_core.verb[0m [1;30mLevel 5[0m set package 'odom_publisher_pkg' build argument 'cmake_args' from command line to 'None'
[0.390s] [34mcolcon.colcon_core.verb[0m [1;30mLevel 5[0m set package 'odom_publisher_pkg' build argument 'cmake_target' from command line to 'None'
[0.390s] [34mcolcon.colcon_core.verb[0m [1;30mLevel 5[0m set package 'odom_publisher_pkg' build argument 'cmake_target_skip_unavailable' from command line to 'False'
[0.390s] [34mcolcon.colcon_core.verb[0m [1;30mLevel 5[0m set package 'odom_publisher_pkg' build argument 'cmake_clean_cache' from command line to 'False'
[0.390s] [34mcolcon.colcon_core.verb[0m [1;30mLevel 5[0m set package 'odom_publisher_pkg' build argument 'cmake_clean_first' from command line to 'False'
[0.390s] [34mcolcon.colcon_core.verb[0m [1;30mLevel 5[0m set package 'odom_publisher_pkg' build argument 'cmake_force_configure' from command line to 'False'
[0.390s] [34mcolcon.colcon_core.verb[0m [1;30mLevel 5[0m set package 'odom_publisher_pkg' build argument 'ament_cmake_args' from command line to 'None'
[0.390s] [34mcolcon.colcon_core.verb[0m [1;30mLevel 5[0m set package 'odom_publisher_pkg' build argument 'catkin_cmake_args' from command line to 'None'
[0.390s] [34mcolcon.colcon_core.verb[0m [1;30mLevel 5[0m set package 'odom_publisher_pkg' build argument 'catkin_skip_building_tests' from command line to 'False'
[0.390s] [34mcolcon.colcon_core.verb[0m [1;30mDEBUG[0m [32mBuilding package 'odom_publisher_pkg' with the following arguments: {'ament_cmake_args': None, 'build_base': '/home/sedrica/ros2ppf_26_10/build/odom_publisher_pkg', 'catkin_cmake_args': None, 'catkin_skip_building_tests': False, 'cmake_args': None, 'cmake_clean_cache': False, 'cmake_clean_first': False, 'cmake_force_configure': False, 'cmake_target': None, 'cmake_target_skip_unavailable': False, 'install_base': '/home/sedrica/ros2ppf_26_10/install/odom_publisher_pkg', 'merge_install': False, 'path': '/home/sedrica/ros2ppf_26_10/src/odom_publisher_pkg', 'symlink_install': False, 'test_result_base': None}[0m
[0.390s] [34mcolcon.colcon_core.verb[0m [1;30mLevel 5[0m set package 'ppf_node' build argument 'cmake_args' from command line to 'None'
[0.390s] [34mcolcon.colcon_core.verb[0m [1;30mLevel 5[0m set package 'ppf_node' build argument 'cmake_target' from command line to 'None'
[0.390s] [34mcolcon.colcon_core.verb[0m [1;30mLevel 5[0m set package 'ppf_node' build argument 'cmake_target_skip_unavailable' from command line to 'False'
[0.390s] [34mcolcon.colcon_core.verb[0m [1;30mLevel 5[0m set package 'ppf_node' build argument 'cmake_clean_cache' from command line to 'False'
[0.390s] [34mcolcon.colcon_core.verb[0m [1;30mLevel 5[0m set package 'ppf_node' build argument 'cmake_clean_first' from command line to 'False'
[0.391s] [34mcolcon.colcon_core.verb[0m [1;30mLevel 5[0m set package 'ppf_node' build argument 'cmake_force_configure' from command line to 'False'
[0.391s] [34mcolcon.colcon_core.verb[0m [1;30mLevel 5[0m set package 'ppf_node' build argument 'ament_cmake_args' from command line to 'None'
[0.391s] [34mcolcon.colcon_core.verb[0m [1;30mLevel 5[0m set package 'ppf_node' build argument 'catkin_cmake_args' from command line to 'None'
[0.391s] [34mcolcon.colcon_core.verb[0m [1;30mLevel 5[0m set package 'ppf_node' build argument 'catkin_skip_building_tests' from command line to 'False'
[0.391s] [34mcolcon.colcon_core.verb[0m [1;30mDEBUG[0m [32mBuilding package 'ppf_node' with the following arguments: {'ament_cmake_args': None, 'build_base': '/home/sedrica/ros2ppf_26_10/build/ppf_node', 'catkin_cmake_args': None, 'catkin_skip_building_tests': False, 'cmake_args': None, 'cmake_clean_cache': False, 'cmake_clean_first': False, 'cmake_force_configure': False, 'cmake_target': None, 'cmake_target_skip_unavailable': False, 'install_base': '/home/sedrica/ros2ppf_26_10/install/ppf_node', 'merge_install': False, 'path': '/home/sedrica/ros2ppf_26_10/src/ppf', 'symlink_install': False, 'test_result_base': None}[0m
[0.391s] [34mcolcon.colcon_core.executor[0m [1;30mINFO[0m Executing jobs using 'parallel' executor
[0.392s] [34mcolcon.colcon_parallel_executor.executor.parallel[0m [1;30mDEBUG[0m [32mrun_until_complete[0m
[0.392s] [34mcolcon.colcon_ros.task.ament_python.build[0m [1;30mINFO[0m Building ROS package in '/home/sedrica/ros2ppf_26_10/src/extras' with build type 'ament_python'
[0.392s] [34mcolcon.colcon_core.shell[0m [1;30mLevel 1[0m create_environment_hook('extras', 'ament_prefix_path')
[0.394s] [34mcolcon.colcon_core.plugin_system[0m [1;30mINFO[0m Skipping extension 'colcon_core.shell.bat': Not used on non-Windows systems
[0.394s] [34mcolcon.colcon_core.shell[0m [1;30mINFO[0m Creating environment hook '/home/sedrica/ros2ppf_26_10/install/extras/share/extras/hook/ament_prefix_path.ps1'
[0.395s] [34mcolcon.colcon_core.shell[0m [1;30mINFO[0m Creating environment descriptor '/home/sedrica/ros2ppf_26_10/install/extras/share/extras/hook/ament_prefix_path.dsv'
[0.395s] [34mcolcon.colcon_core.shell[0m [1;30mINFO[0m Creating environment hook '/home/sedrica/ros2ppf_26_10/install/extras/share/extras/hook/ament_prefix_path.sh'
[0.396s] [34mcolcon.colcon_core.shell[0m [1;30mINFO[0m Skip shell extension 'powershell' for command environment: Not usable outside of PowerShell
[0.396s] [34mcolcon.colcon_core.shell[0m [1;30mDEBUG[0m [32mSkip shell extension 'dsv' for command environment[0m
[0.402s] [34mcolcon.colcon_ros.task.ament_cmake.build[0m [1;30mINFO[0m Building ROS package in '/home/sedrica/ros2ppf_26_10/src/odom_publisher_pkg' with build type 'ament_cmake'
[0.402s] [34mcolcon.colcon_cmake.task.cmake.build[0m [1;30mINFO[0m Building CMake package in '/home/sedrica/ros2ppf_26_10/src/odom_publisher_pkg'
[0.403s] [34mcolcon.colcon_core.shell[0m [1;30mINFO[0m Skip shell extension 'powershell' for command environment: Not usable outside of PowerShell
[0.403s] [34mcolcon.colcon_core.shell[0m [1;30mDEBUG[0m [32mSkip shell extension 'dsv' for command environment[0m
[0.409s] [34mcolcon.colcon_ros.task.ament_cmake.build[0m [1;30mINFO[0m Building ROS package in '/home/sedrica/ros2ppf_26_10/src/ppf' with build type 'ament_cmake'
[0.410s] [34mcolcon.colcon_cmake.task.cmake.build[0m [1;30mINFO[0m Building CMake package in '/home/sedrica/ros2ppf_26_10/src/ppf'
[0.412s] [34mcolcon.colcon_core.shell[0m [1;30mINFO[0m Skip shell extension 'powershell' for command environment: Not usable outside of PowerShell
[0.412s] [34mcolcon.colcon_core.shell[0m [1;30mDEBUG[0m [32mSkip shell extension 'dsv' for command environment[0m
[0.676s] [34mcolcon.colcon_core.task.python.build[0m [1;30mINFO[0m Building Python package in '/home/sedrica/ros2ppf_26_10/src/extras'
[0.678s] [34mcolcon.colcon_core.shell[0m [1;30mINFO[0m Skip shell extension 'powershell' for command environment: Not usable outside of PowerShell
[0.678s] [34mcolcon.colcon_core.shell[0m [1;30mDEBUG[0m [32mSkip shell extension 'dsv' for command environment[0m
[0.700s] [34mcolcon.colcon_core.event_handler.log_command[0m [1;30mDEBUG[0m [32mInvoking command in '/home/sedrica/ros2ppf_26_10/build/odom_publisher_pkg': CMAKE_PREFIX_PATH=${CMAKE_PREFIX_PATH}:/home/sedrica/ros2ppf_26_10/install/extras:/home/sedrica/ros2ppf/install/extras:/opt/ros/foxy /usr/bin/cmake /home/sedrica/ros2ppf_26_10/src/odom_publisher_pkg -DCMAKE_INSTALL_PREFIX=/home/sedrica/ros2ppf_26_10/install/odom_publisher_pkg[0m
[0.709s] [34mcolcon.colcon_core.event_handler.log_command[0m [1;30mDEBUG[0m [32mInvoking command in '/home/sedrica/ros2ppf_26_10/build/ppf_node': CMAKE_PREFIX_PATH=${CMAKE_PREFIX_PATH}:/home/sedrica/ros2ppf_26_10/install/extras:/home/sedrica/ros2ppf/install/extras:/opt/ros/foxy /usr/bin/cmake /home/sedrica/ros2ppf_26_10/src/ppf -DCMAKE_INSTALL_PREFIX=/home/sedrica/ros2ppf_26_10/install/ppf_node[0m
[1.439s] [34mcolcon.colcon_core.event_handler.log_command[0m [1;30mDEBUG[0m [32mInvoking command in '/home/sedrica/ros2ppf_26_10/src/extras': PYTHONPATH=/home/sedrica/ros2ppf_26_10/build/extras/prefix_override:/usr/lib/python3/dist-packages/colcon_core/task/python/colcon_distutils_commands:/home/sedrica/ros2ppf_26_10/install/extras/lib/python3.8/site-packages:${PYTHONPATH} /usr/bin/python3 -W ignore:setup.py install is deprecated setup.py egg_info --egg-base ../../build/extras build --build-base /home/sedrica/ros2ppf_26_10/build/extras/build install --record /home/sedrica/ros2ppf_26_10/build/extras/install.log --install-scripts $base/lib/extras --single-version-externally-managed install_data[0m
[2.032s] [34mcolcon.colcon_core.event_handler.log_command[0m [1;30mDEBUG[0m [32mInvoked command in '/home/sedrica/ros2ppf_26_10/src/extras' returned '0': PYTHONPATH=/home/sedrica/ros2ppf_26_10/build/extras/prefix_override:/usr/lib/python3/dist-packages/colcon_core/task/python/colcon_distutils_commands:/home/sedrica/ros2ppf_26_10/install/extras/lib/python3.8/site-packages:${PYTHONPATH} /usr/bin/python3 -W ignore:setup.py install is deprecated setup.py egg_info --egg-base ../../build/extras build --build-base /home/sedrica/ros2ppf_26_10/build/extras/build install --record /home/sedrica/ros2ppf_26_10/build/extras/install.log --install-scripts $base/lib/extras --single-version-externally-managed install_data[0m
[2.038s] [34mcolcon.colcon_core.environment[0m [1;30mLevel 1[0m checking '/home/sedrica/ros2ppf_26_10/install/extras' for CMake module files
[2.039s] [34mcolcon.colcon_core.environment[0m [1;30mLevel 1[0m checking '/home/sedrica/ros2ppf_26_10/install/extras' for CMake config files
[2.041s] [34mcolcon.colcon_core.environment[0m [1;30mLevel 1[0m checking '/home/sedrica/ros2ppf_26_10/install/extras/lib'
[2.041s] [34mcolcon.colcon_core.environment[0m [1;30mLevel 1[0m checking '/home/sedrica/ros2ppf_26_10/install/extras/bin'
[2.041s] [34mcolcon.colcon_core.environment[0m [1;30mLevel 1[0m checking '/home/sedrica/ros2ppf_26_10/install/extras/lib/pkgconfig/extras.pc'
[2.042s] [34mcolcon.colcon_core.environment[0m [1;30mLevel 1[0m checking '/home/sedrica/ros2ppf_26_10/install/extras/lib/python3.8/site-packages'
[2.042s] [34mcolcon.colcon_core.shell[0m [1;30mLevel 1[0m create_environment_hook('extras', 'pythonpath')
[2.043s] [34mcolcon.colcon_core.shell[0m [1;30mINFO[0m Creating environment hook '/home/sedrica/ros2ppf_26_10/install/extras/share/extras/hook/pythonpath.ps1'
[2.044s] [34mcolcon.colcon_core.shell[0m [1;30mINFO[0m Creating environment descriptor '/home/sedrica/ros2ppf_26_10/install/extras/share/extras/hook/pythonpath.dsv'
[2.044s] [34mcolcon.colcon_core.shell[0m [1;30mINFO[0m Creating environment hook '/home/sedrica/ros2ppf_26_10/install/extras/share/extras/hook/pythonpath.sh'
[2.045s] [34mcolcon.colcon_core.environment[0m [1;30mLevel 1[0m checking '/home/sedrica/ros2ppf_26_10/install/extras/bin'
[2.045s] [34mcolcon.colcon_core.environment[0m [1;30mLevel 1[0m create_environment_scripts_only(extras)
[2.046s] [34mcolcon.colcon_core.shell[0m [1;30mINFO[0m Creating package script '/home/sedrica/ros2ppf_26_10/install/extras/share/extras/package.ps1'
[2.047s] [34mcolcon.colcon_core.shell[0m [1;30mINFO[0m Creating package descriptor '/home/sedrica/ros2ppf_26_10/install/extras/share/extras/package.dsv'
[2.048s] [34mcolcon.colcon_core.shell[0m [1;30mINFO[0m Creating package script '/home/sedrica/ros2ppf_26_10/install/extras/share/extras/package.sh'
[2.049s] [34mcolcon.colcon_core.shell[0m [1;30mINFO[0m Creating package script '/home/sedrica/ros2ppf_26_10/install/extras/share/extras/package.bash'
[2.050s] [34mcolcon.colcon_core.shell[0m [1;30mINFO[0m Creating package script '/home/sedrica/ros2ppf_26_10/install/extras/share/extras/package.zsh'
[2.051s] [34mcolcon.colcon_core.environment[0m [1;30mLevel 1[0m create_file_with_runtime_dependencies(/home/sedrica/ros2ppf_26_10/install/extras/share/colcon-core/packages/extras)
[3.589s] [34mcolcon.colcon_core.event_handler.log_command[0m [1;30mDEBUG[0m [32mInvoked command in '/home/sedrica/ros2ppf_26_10/build/odom_publisher_pkg' returned '0': CMAKE_PREFIX_PATH=${CMAKE_PREFIX_PATH}:/home/sedrica/ros2ppf_26_10/install/extras:/home/sedrica/ros2ppf/install/extras:/opt/ros/foxy /usr/bin/cmake /home/sedrica/ros2ppf_26_10/src/odom_publisher_pkg -DCMAKE_INSTALL_PREFIX=/home/sedrica/ros2ppf_26_10/install/odom_publisher_pkg[0m
[3.595s] [34mcolcon.colcon_core.event_handler.log_command[0m [1;30mDEBUG[0m [32mInvoking command in '/home/sedrica/ros2ppf_26_10/build/odom_publisher_pkg': CMAKE_PREFIX_PATH=${CMAKE_PREFIX_PATH}:/home/sedrica/ros2ppf_26_10/install/extras:/home/sedrica/ros2ppf/install/extras:/opt/ros/foxy /usr/bin/cmake --build /home/sedrica/ros2ppf_26_10/build/odom_publisher_pkg -- -j20 -l20[0m
[3.672s] [34mcolcon.colcon_core.event_handler.log_command[0m [1;30mDEBUG[0m [32mInvoked command in '/home/sedrica/ros2ppf_26_10/build/ppf_node' returned '0': CMAKE_PREFIX_PATH=${CMAKE_PREFIX_PATH}:/home/sedrica/ros2ppf_26_10/install/extras:/home/sedrica/ros2ppf/install/extras:/opt/ros/foxy /usr/bin/cmake /home/sedrica/ros2ppf_26_10/src/ppf -DCMAKE_INSTALL_PREFIX=/home/sedrica/ros2ppf_26_10/install/ppf_node[0m
[3.674s] [34mcolcon.colcon_core.event_handler.log_command[0m [1;30mDEBUG[0m [32mInvoking command in '/home/sedrica/ros2ppf_26_10/build/ppf_node': CMAKE_PREFIX_PATH=${CMAKE_PREFIX_PATH}:/home/sedrica/ros2ppf_26_10/install/extras:/home/sedrica/ros2ppf/install/extras:/opt/ros/foxy /usr/bin/cmake --build /home/sedrica/ros2ppf_26_10/build/ppf_node -- -j20 -l20[0m
[10.527s] [34mcolcon.colcon_core.event_handler.log_command[0m [1;30mDEBUG[0m [32mInvoked command in '/home/sedrica/ros2ppf_26_10/build/ppf_node' returned '0': CMAKE_PREFIX_PATH=${CMAKE_PREFIX_PATH}:/home/sedrica/ros2ppf_26_10/install/extras:/home/sedrica/ros2ppf/install/extras:/opt/ros/foxy /usr/bin/cmake --build /home/sedrica/ros2ppf_26_10/build/ppf_node -- -j20 -l20[0m
[10.618s] [34mcolcon.colcon_core.event_handler.log_command[0m [1;30mDEBUG[0m [32mInvoking command in '/home/sedrica/ros2ppf_26_10/build/ppf_node': CMAKE_PREFIX_PATH=${CMAKE_PREFIX_PATH}:/home/sedrica/ros2ppf_26_10/install/extras:/home/sedrica/ros2ppf/install/extras:/opt/ros/foxy /usr/bin/cmake --install /home/sedrica/ros2ppf_26_10/build/ppf_node[0m
[10.646s] [34mcolcon.colcon_core.environment[0m [1;30mLevel 1[0m create_environment_scripts_only(ppf_node)
[10.647s] [34mcolcon.colcon_core.environment[0m [1;30mLevel 1[0m checking '/home/sedrica/ros2ppf_26_10/install/ppf_node' for CMake module files
[10.647s] [34mcolcon.colcon_core.event_handler.log_command[0m [1;30mDEBUG[0m [32mInvoked command in '/home/sedrica/ros2ppf_26_10/build/ppf_node' returned '0': CMAKE_PREFIX_PATH=${CMAKE_PREFIX_PATH}:/home/sedrica/ros2ppf_26_10/install/extras:/home/sedrica/ros2ppf/install/extras:/opt/ros/foxy /usr/bin/cmake --install /home/sedrica/ros2ppf_26_10/build/ppf_node[0m
[10.648s] [34mcolcon.colcon_core.environment[0m [1;30mLevel 1[0m checking '/home/sedrica/ros2ppf_26_10/install/ppf_node' for CMake config files
[10.648s] [34mcolcon.colcon_core.shell[0m [1;30mLevel 1[0m create_environment_hook('ppf_node', 'cmake_prefix_path')
[10.649s] [34mcolcon.colcon_core.shell[0m [1;30mINFO[0m Creating environment hook '/home/sedrica/ros2ppf_26_10/install/ppf_node/share/ppf_node/hook/cmake_prefix_path.ps1'
[10.649s] [34mcolcon.colcon_core.shell[0m [1;30mINFO[0m Creating environment descriptor '/home/sedrica/ros2ppf_26_10/install/ppf_node/share/ppf_node/hook/cmake_prefix_path.dsv'
[10.649s] [34mcolcon.colcon_core.shell[0m [1;30mINFO[0m Creating environment hook '/home/sedrica/ros2ppf_26_10/install/ppf_node/share/ppf_node/hook/cmake_prefix_path.sh'
[10.650s] [34mcolcon.colcon_core.environment[0m [1;30mLevel 1[0m checking '/home/sedrica/ros2ppf_26_10/install/ppf_node/lib'
[10.650s] [34mcolcon.colcon_core.environment[0m [1;30mLevel 1[0m checking '/home/sedrica/ros2ppf_26_10/install/ppf_node/bin'
[10.650s] [34mcolcon.colcon_core.environment[0m [1;30mLevel 1[0m checking '/home/sedrica/ros2ppf_26_10/install/ppf_node/lib/pkgconfig/ppf_node.pc'
[10.651s] [34mcolcon.colcon_core.environment[0m [1;30mLevel 1[0m checking '/home/sedrica/ros2ppf_26_10/install/ppf_node/lib/python3.8/site-packages'
[10.651s] [34mcolcon.colcon_core.environment[0m [1;30mLevel 1[0m checking '/home/sedrica/ros2ppf_26_10/install/ppf_node/bin'
[10.651s] [34mcolcon.colcon_core.shell[0m [1;30mINFO[0m Creating package script '/home/sedrica/ros2ppf_26_10/install/ppf_node/share/ppf_node/package.ps1'
[10.651s] [34mcolcon.colcon_core.shell[0m [1;30mINFO[0m Creating package descriptor '/home/sedrica/ros2ppf_26_10/install/ppf_node/share/ppf_node/package.dsv'
[10.652s] [34mcolcon.colcon_core.shell[0m [1;30mINFO[0m Creating package script '/home/sedrica/ros2ppf_26_10/install/ppf_node/share/ppf_node/package.sh'
[10.652s] [34mcolcon.colcon_core.shell[0m [1;30mINFO[0m Creating package script '/home/sedrica/ros2ppf_26_10/install/ppf_node/share/ppf_node/package.bash'
[10.652s] [34mcolcon.colcon_core.shell[0m [1;30mINFO[0m Creating package script '/home/sedrica/ros2ppf_26_10/install/ppf_node/share/ppf_node/package.zsh'
[10.652s] [34mcolcon.colcon_core.environment[0m [1;30mLevel 1[0m create_file_with_runtime_dependencies(/home/sedrica/ros2ppf_26_10/install/ppf_node/share/colcon-core/packages/ppf_node)
[10.712s] [34mcolcon.colcon_core.environment[0m [1;30mLevel 1[0m create_environment_scripts_only(ppf_node)
[10.713s] [34mcolcon.colcon_core.environment[0m [1;30mLevel 1[0m checking '/home/sedrica/ros2ppf_26_10/install/ppf_node' for CMake module files
[10.714s] [34mcolcon.colcon_core.environment[0m [1;30mLevel 1[0m checking '/home/sedrica/ros2ppf_26_10/install/ppf_node' for CMake config files
[10.715s] [34mcolcon.colcon_core.shell[0m [1;30mLevel 1[0m create_environment_hook('ppf_node', 'cmake_prefix_path')
[10.715s] [34mcolcon.colcon_core.shell[0m [1;30mINFO[0m Creating environment hook '/home/sedrica/ros2ppf_26_10/install/ppf_node/share/ppf_node/hook/cmake_prefix_path.ps1'
[10.717s] [34mcolcon.colcon_core.shell[0m [1;30mINFO[0m Creating environment descriptor '/home/sedrica/ros2ppf_26_10/install/ppf_node/share/ppf_node/hook/cmake_prefix_path.dsv'
[10.717s] [34mcolcon.colcon_core.shell[0m [1;30mINFO[0m Creating environment hook '/home/sedrica/ros2ppf_26_10/install/ppf_node/share/ppf_node/hook/cmake_prefix_path.sh'
[10.718s] [34mcolcon.colcon_core.environment[0m [1;30mLevel 1[0m checking '/home/sedrica/ros2ppf_26_10/install/ppf_node/lib'
[10.718s] [34mcolcon.colcon_core.environment[0m [1;30mLevel 1[0m checking '/home/sedrica/ros2ppf_26_10/install/ppf_node/bin'
[10.718s] [34mcolcon.colcon_core.environment[0m [1;30mLevel 1[0m checking '/home/sedrica/ros2ppf_26_10/install/ppf_node/lib/pkgconfig/ppf_node.pc'
[10.718s] [34mcolcon.colcon_core.environment[0m [1;30mLevel 1[0m checking '/home/sedrica/ros2ppf_26_10/install/ppf_node/lib/python3.8/site-packages'
[10.719s] [34mcolcon.colcon_core.environment[0m [1;30mLevel 1[0m checking '/home/sedrica/ros2ppf_26_10/install/ppf_node/bin'
[10.719s] [34mcolcon.colcon_core.shell[0m [1;30mINFO[0m Creating package script '/home/sedrica/ros2ppf_26_10/install/ppf_node/share/ppf_node/package.ps1'
[10.719s] [34mcolcon.colcon_core.shell[0m [1;30mINFO[0m Creating package descriptor '/home/sedrica/ros2ppf_26_10/install/ppf_node/share/ppf_node/package.dsv'
[10.720s] [34mcolcon.colcon_core.shell[0m [1;30mINFO[0m Creating package script '/home/sedrica/ros2ppf_26_10/install/ppf_node/share/ppf_node/package.sh'
[10.720s] [34mcolcon.colcon_core.shell[0m [1;30mINFO[0m Creating package script '/home/sedrica/ros2ppf_26_10/install/ppf_node/share/ppf_node/package.bash'
[10.721s] [34mcolcon.colcon_core.shell[0m [1;30mINFO[0m Creating package script '/home/sedrica/ros2ppf_26_10/install/ppf_node/share/ppf_node/package.zsh'
[10.722s] [34mcolcon.colcon_core.environment[0m [1;30mLevel 1[0m create_file_with_runtime_dependencies(/home/sedrica/ros2ppf_26_10/install/ppf_node/share/colcon-core/packages/ppf_node)
[11.736s] [34mcolcon.colcon_core.event_handler.log_command[0m [1;30mDEBUG[0m [32mInvoked command in '/home/sedrica/ros2ppf_26_10/build/odom_publisher_pkg' returned '0': CMAKE_PREFIX_PATH=${CMAKE_PREFIX_PATH}:/home/sedrica/ros2ppf_26_10/install/extras:/home/sedrica/ros2ppf/install/extras:/opt/ros/foxy /usr/bin/cmake --build /home/sedrica/ros2ppf_26_10/build/odom_publisher_pkg -- -j20 -l20[0m
[11.809s] [34mcolcon.colcon_core.event_handler.log_command[0m [1;30mDEBUG[0m [32mInvoking command in '/home/sedrica/ros2ppf_26_10/build/odom_publisher_pkg': CMAKE_PREFIX_PATH=${CMAKE_PREFIX_PATH}:/home/sedrica/ros2ppf_26_10/install/extras:/home/sedrica/ros2ppf/install/extras:/opt/ros/foxy /usr/bin/cmake --install /home/sedrica/ros2ppf_26_10/build/odom_publisher_pkg[0m
[11.844s] [34mcolcon.colcon_core.environment[0m [1;30mLevel 1[0m create_environment_scripts_only(odom_publisher_pkg)
[11.846s] [34mcolcon.colcon_core.environment[0m [1;30mLevel 1[0m checking '/home/sedrica/ros2ppf_26_10/install/odom_publisher_pkg' for CMake module files
[11.846s] [34mcolcon.colcon_core.event_handler.log_command[0m [1;30mDEBUG[0m [32mInvoked command in '/home/sedrica/ros2ppf_26_10/build/odom_publisher_pkg' returned '0': CMAKE_PREFIX_PATH=${CMAKE_PREFIX_PATH}:/home/sedrica/ros2ppf_26_10/install/extras:/home/sedrica/ros2ppf/install/extras:/opt/ros/foxy /usr/bin/cmake --install /home/sedrica/ros2ppf_26_10/build/odom_publisher_pkg[0m
[11.847s] [34mcolcon.colcon_core.environment[0m [1;30mLevel 1[0m checking '/home/sedrica/ros2ppf_26_10/install/odom_publisher_pkg' for CMake config files
[11.848s] [34mcolcon.colcon_core.shell[0m [1;30mLevel 1[0m create_environment_hook('odom_publisher_pkg', 'cmake_prefix_path')
[11.849s] [34mcolcon.colcon_core.shell[0m [1;30mINFO[0m Creating environment hook '/home/sedrica/ros2ppf_26_10/install/odom_publisher_pkg/share/odom_publisher_pkg/hook/cmake_prefix_path.ps1'
[11.850s] [34mcolcon.colcon_core.shell[0m [1;30mINFO[0m Creating environment descriptor '/home/sedrica/ros2ppf_26_10/install/odom_publisher_pkg/share/odom_publisher_pkg/hook/cmake_prefix_path.dsv'
[11.851s] [34mcolcon.colcon_core.shell[0m [1;30mINFO[0m Creating environment hook '/home/sedrica/ros2ppf_26_10/install/odom_publisher_pkg/share/odom_publisher_pkg/hook/cmake_prefix_path.sh'
[11.852s] [34mcolcon.colcon_core.environment[0m [1;30mLevel 1[0m checking '/home/sedrica/ros2ppf_26_10/install/odom_publisher_pkg/lib'
[11.852s] [34mcolcon.colcon_core.environment[0m [1;30mLevel 1[0m checking '/home/sedrica/ros2ppf_26_10/install/odom_publisher_pkg/bin'
[11.852s] [34mcolcon.colcon_core.environment[0m [1;30mLevel 1[0m checking '/home/sedrica/ros2ppf_26_10/install/odom_publisher_pkg/lib/pkgconfig/odom_publisher_pkg.pc'
[11.853s] [34mcolcon.colcon_core.environment[0m [1;30mLevel 1[0m checking '/home/sedrica/ros2ppf_26_10/install/odom_publisher_pkg/lib/python3.8/site-packages'
[11.853s] [34mcolcon.colcon_core.environment[0m [1;30mLevel 1[0m checking '/home/sedrica/ros2ppf_26_10/install/odom_publisher_pkg/bin'
[11.854s] [34mcolcon.colcon_core.shell[0m [1;30mINFO[0m Creating package script '/home/sedrica/ros2ppf_26_10/install/odom_publisher_pkg/share/odom_publisher_pkg/package.ps1'
[11.855s] [34mcolcon.colcon_core.shell[0m [1;30mINFO[0m Creating package descriptor '/home/sedrica/ros2ppf_26_10/install/odom_publisher_pkg/share/odom_publisher_pkg/package.dsv'
[11.856s] [34mcolcon.colcon_core.shell[0m [1;30mINFO[0m Creating package script '/home/sedrica/ros2ppf_26_10/install/odom_publisher_pkg/share/odom_publisher_pkg/package.sh'
[11.857s] [34mcolcon.colcon_core.shell[0m [1;30mINFO[0m Creating package script '/home/sedrica/ros2ppf_26_10/install/odom_publisher_pkg/share/odom_publisher_pkg/package.bash'
[11.857s] [34mcolcon.colcon_core.shell[0m [1;30mINFO[0m Creating package script '/home/sedrica/ros2ppf_26_10/install/odom_publisher_pkg/share/odom_publisher_pkg/package.zsh'
[11.858s] [34mcolcon.colcon_core.environment[0m [1;30mLevel 1[0m create_file_with_runtime_dependencies(/home/sedrica/ros2ppf_26_10/install/odom_publisher_pkg/share/colcon-core/packages/odom_publisher_pkg)
[11.932s] [34mcolcon.colcon_core.environment[0m [1;30mLevel 1[0m create_environment_scripts_only(odom_publisher_pkg)
[11.933s] [34mcolcon.colcon_core.environment[0m [1;30mLevel 1[0m checking '/home/sedrica/ros2ppf_26_10/install/odom_publisher_pkg' for CMake module files
[11.934s] [34mcolcon.colcon_core.environment[0m [1;30mLevel 1[0m checking '/home/sedrica/ros2ppf_26_10/install/odom_publisher_pkg' for CMake config files
[11.935s] [34mcolcon.colcon_core.shell[0m [1;30mLevel 1[0m create_environment_hook('odom_publisher_pkg', 'cmake_prefix_path')
[11.936s] [34mcolcon.colcon_core.shell[0m [1;30mINFO[0m Creating environment hook '/home/sedrica/ros2ppf_26_10/install/odom_publisher_pkg/share/odom_publisher_pkg/hook/cmake_prefix_path.ps1'
[11.937s] [34mcolcon.colcon_core.shell[0m [1;30mINFO[0m Creating environment descriptor '/home/sedrica/ros2ppf_26_10/install/odom_publisher_pkg/share/odom_publisher_pkg/hook/cmake_prefix_path.dsv'
[11.938s] [34mcolcon.colcon_core.shell[0m [1;30mINFO[0m Creating environment hook '/home/sedrica/ros2ppf_26_10/install/odom_publisher_pkg/share/odom_publisher_pkg/hook/cmake_prefix_path.sh'
[11.940s] [34mcolcon.colcon_core.environment[0m [1;30mLevel 1[0m checking '/home/sedrica/ros2ppf_26_10/install/odom_publisher_pkg/lib'
[11.940s] [34mcolcon.colcon_core.environment[0m [1;30mLevel 1[0m checking '/home/sedrica/ros2ppf_26_10/install/odom_publisher_pkg/bin'
[11.940s] [34mcolcon.colcon_core.environment[0m [1;30mLevel 1[0m checking '/home/sedrica/ros2ppf_26_10/install/odom_publisher_pkg/lib/pkgconfig/odom_publisher_pkg.pc'
[11.941s] [34mcolcon.colcon_core.environment[0m [1;30mLevel 1[0m checking '/home/sedrica/ros2ppf_26_10/install/odom_publisher_pkg/lib/python3.8/site-packages'
[11.941s] [34mcolcon.colcon_core.environment[0m [1;30mLevel 1[0m checking '/home/sedrica/ros2ppf_26_10/install/odom_publisher_pkg/bin'
[11.943s] [34mcolcon.colcon_core.shell[0m [1;30mINFO[0m Creating package script '/home/sedrica/ros2ppf_26_10/install/odom_publisher_pkg/share/odom_publisher_pkg/package.ps1'
[11.944s] [34mcolcon.colcon_core.shell[0m [1;30mINFO[0m Creating package descriptor '/home/sedrica/ros2ppf_26_10/install/odom_publisher_pkg/share/odom_publisher_pkg/package.dsv'
[11.945s] [34mcolcon.colcon_core.shell[0m [1;30mINFO[0m Creating package script '/home/sedrica/ros2ppf_26_10/install/odom_publisher_pkg/share/odom_publisher_pkg/package.sh'
[11.945s] [34mcolcon.colcon_core.shell[0m [1;30mINFO[0m Creating package script '/home/sedrica/ros2ppf_26_10/install/odom_publisher_pkg/share/odom_publisher_pkg/package.bash'
[11.946s] [34mcolcon.colcon_core.shell[0m [1;30mINFO[0m Creating package script '/home/sedrica/ros2ppf_26_10/install/odom_publisher_pkg/share/odom_publisher_pkg/package.zsh'
[11.947s] [34mcolcon.colcon_core.environment[0m [1;30mLevel 1[0m create_file_with_runtime_dependencies(/home/sedrica/ros2ppf_26_10/install/odom_publisher_pkg/share/colcon-core/packages/odom_publisher_pkg)
[11.947s] [34mcolcon.colcon_parallel_executor.executor.parallel[0m [1;30mDEBUG[0m [32mclosing loop[0m
[11.948s] [34mcolcon.colcon_parallel_executor.executor.parallel[0m [1;30mDEBUG[0m [32mloop closed[0m
[11.949s] [34mcolcon.colcon_parallel_executor.executor.parallel[0m [1;30mDEBUG[0m [32mrun_until_complete finished with '0'[0m
[11.949s] [34mcolcon.colcon_core.event_reactor[0m [1;30mDEBUG[0m [32mjoining thread[0m
[11.959s] [34mcolcon.colcon_core.plugin_system[0m [1;30mINFO[0m Skipping extension 'colcon_notification.desktop_notification.terminal_notifier': Not used on non-Darwin systems
[11.959s] [34mcolcon.colcon_core.plugin_system[0m [1;30mINFO[0m Skipping extension 'colcon_notification.desktop_notification.win32': Not used on non-Windows systems
[11.959s] [34mcolcon.colcon_notification.desktop_notification[0m [1;30mINFO[0m Sending desktop notification using 'notify2'
[11.987s] [34mcolcon.colcon_core.event_reactor[0m [1;30mDEBUG[0m [32mjoined thread[0m
[11.988s] [34mcolcon.colcon_core.shell[0m [1;30mINFO[0m Creating prefix script '/home/sedrica/ros2ppf_26_10/install/local_setup.ps1'
[11.990s] [34mcolcon.colcon_core.shell[0m [1;30mINFO[0m Creating prefix util module '/home/sedrica/ros2ppf_26_10/install/_local_setup_util_ps1.py'
[11.992s] [34mcolcon.colcon_core.shell[0m [1;30mINFO[0m Creating prefix chain script '/home/sedrica/ros2ppf_26_10/install/setup.ps1'
[11.994s] [34mcolcon.colcon_core.shell[0m [1;30mINFO[0m Creating prefix script '/home/sedrica/ros2ppf_26_10/install/local_setup.sh'
[11.995s] [34mcolcon.colcon_core.shell[0m [1;30mINFO[0m Creating prefix util module '/home/sedrica/ros2ppf_26_10/install/_local_setup_util_sh.py'
[11.995s] [34mcolcon.colcon_core.shell[0m [1;30mINFO[0m Creating prefix chain script '/home/sedrica/ros2ppf_26_10/install/setup.sh'
[11.997s] [34mcolcon.colcon_core.shell[0m [1;30mINFO[0m Creating prefix script '/home/sedrica/ros2ppf_26_10/install/local_setup.bash'
[11.997s] [34mcolcon.colcon_core.shell[0m [1;30mINFO[0m Creating prefix chain script '/home/sedrica/ros2ppf_26_10/install/setup.bash'
[11.999s] [34mcolcon.colcon_core.shell[0m [1;30mINFO[0m Creating prefix script '/home/sedrica/ros2ppf_26_10/install/local_setup.zsh'
[12.000s] [34mcolcon.colcon_core.shell[0m [1;30mINFO[0m Creating prefix chain script '/home/sedrica/ros2ppf_26_10/install/setup.zsh'
