[0.325s] [34mcolcon[0m [1;30mDEBUG[0m [32mCommand line arguments: ['/usr/bin/colcon', 'build', '--packages-select', 'ppf_node'][0m
[0.326s] [34mcolcon[0m [1;30mDEBUG[0m [32mParsed command line arguments: Namespace(allow_overriding=[], ament_cmake_args=None, base_paths=['.'], build_base='build', catkin_cmake_args=None, catkin_skip_building_tests=False, cmake_args=None, cmake_clean_cache=False, cmake_clean_first=False, cmake_force_configure=False, cmake_target=None, cmake_target_skip_unavailable=False, continue_on_error=False, event_handlers=None, executor='parallel', ignore_user_meta=False, install_base='install', log_base=None, log_level=None, main=<bound method BuildVerb.main of <colcon_core.verb.build.BuildVerb object at 0x7f5e7a515e20>>, merge_install=False, metas=['./colcon.meta'], packages_above=None, packages_above_and_dependencies=None, packages_above_depth=None, packages_end=None, packages_ignore=None, packages_ignore_regex=None, packages_select=['ppf_node'], packages_select_build_failed=False, packages_select_by_dep=None, packages_select_regex=None, packages_select_test_failures=False, packages_skip=None, packages_skip_build_finished=False, packages_skip_by_dep=None, packages_skip_regex=None, packages_skip_test_passed=False, packages_skip_up_to=None, packages_start=None, packages_up_to=None, packages_up_to_regex=None, parallel_workers=20, paths=None, symlink_install=False, test_result_base=None, verb_extension=<colcon_core.verb.build.BuildVerb object at 0x7f5e7a515e20>, verb_name='build', verb_parser=<colcon_defaults.argument_parser.defaults.DefaultArgumentsDecorator object at 0x7f5e7a5254f0>)[0m
[0.367s] [34mcolcon.colcon_core.package_discovery[0m [1;30mLevel 1[0m discover_packages(colcon_meta) check parameters
[0.367s] [34mcolcon.colcon_core.package_discovery[0m [1;30mLevel 1[0m discover_packages(recursive) check parameters
[0.367s] [34mcolcon.colcon_core.package_discovery[0m [1;30mLevel 1[0m discover_packages(ignore) check parameters
[0.367s] [34mcolcon.colcon_core.package_discovery[0m [1;30mLevel 1[0m discover_packages(path) check parameters
[0.367s] [34mcolcon.colcon_core.package_discovery[0m [1;30mLevel 1[0m discover_packages(colcon_meta) discover
[0.367s] [34mcolcon.colcon_core.package_discovery[0m [1;30mLevel 1[0m discover_packages(recursive) discover
[0.367s] [34mcolcon.colcon_core.package_discovery[0m [1;30mINFO[0m Crawling recursively for packages in '/home/sedrica/ros2ppf_26_10'
[0.367s] [34mcolcon.colcon_core.package_identification[0m [1;30mLevel 1[0m _identify(.) by extensions ['ignore', 'ignore_ament_install']
[0.367s] [34mcolcon.colcon_core.package_identification[0m [1;30mLevel 1[0m _identify(.) by extension 'ignore'
[0.367s] [34mcolcon.colcon_core.package_identification[0m [1;30mLevel 1[0m _identify(.) by extension 'ignore_ament_install'
[0.367s] [34mcolcon.colcon_core.package_identification[0m [1;30mLevel 1[0m _identify(.) by extensions ['colcon_pkg']
[0.367s] [34mcolcon.colcon_core.package_identification[0m [1;30mLevel 1[0m _identify(.) by extension 'colcon_pkg'
[0.367s] [34mcolcon.colcon_core.package_identification[0m [1;30mLevel 1[0m _identify(.) by extensions ['colcon_meta']
[0.367s] [34mcolcon.colcon_core.package_identification[0m [1;30mLevel 1[0m _identify(.) by extension 'colcon_meta'
[0.367s] [34mcolcon.colcon_core.package_identification[0m [1;30mLevel 1[0m _identify(.) by extensions ['ros']
[0.367s] [34mcolcon.colcon_core.package_identification[0m [1;30mLevel 1[0m _identify(.) by extension 'ros'
[0.381s] [34mcolcon.colcon_core.package_identification[0m [1;30mLevel 1[0m _identify(.) by extensions ['cmake', 'python']
[0.381s] [34mcolcon.colcon_core.package_identification[0m [1;30mLevel 1[0m _identify(.) by extension 'cmake'
[0.381s] [34mcolcon.colcon_core.package_identification[0m [1;30mLevel 1[0m _identify(.) by extension 'python'
[0.381s] [34mcolcon.colcon_core.package_identification[0m [1;30mLevel 1[0m _identify(.) by extensions ['python_setup_py']
[0.381s] [34mcolcon.colcon_core.package_identification[0m [1;30mLevel 1[0m _identify(.) by extension 'python_setup_py'
[0.381s] [34mcolcon.colcon_core.package_identification[0m [1;30mLevel 1[0m _identify(build) by extensions ['ignore', 'ignore_ament_install']
[0.382s] [34mcolcon.colcon_core.package_identification[0m [1;30mLevel 1[0m _identify(build) by extension 'ignore'
[0.382s] [34mcolcon.colcon_core.package_identification[0m [1;30mLevel 1[0m _identify(build) ignored
[0.382s] [34mcolcon.colcon_core.package_identification[0m [1;30mLevel 1[0m _identify(install) by extensions ['ignore', 'ignore_ament_install']
[0.382s] [34mcolcon.colcon_core.package_identification[0m [1;30mLevel 1[0m _identify(install) by extension 'ignore'
[0.382s] [34mcolcon.colcon_core.package_identification[0m [1;30mLevel 1[0m _identify(install) ignored
[0.382s] [34mcolcon.colcon_core.package_identification[0m [1;30mLevel 1[0m _identify(johan_bag_hai) by extensions ['ignore', 'ignore_ament_install']
[0.382s] [34mcolcon.colcon_core.package_identification[0m [1;30mLevel 1[0m _identify(johan_bag_hai) by extension 'ignore'
[0.382s] [34mcolcon.colcon_core.package_identification[0m [1;30mLevel 1[0m _identify(johan_bag_hai) by extension 'ignore_ament_install'
[0.382s] [34mcolcon.colcon_core.package_identification[0m [1;30mLevel 1[0m _identify(johan_bag_hai) by extensions ['colcon_pkg']
[0.382s] [34mcolcon.colcon_core.package_identification[0m [1;30mLevel 1[0m _identify(johan_bag_hai) by extension 'colcon_pkg'
[0.382s] [34mcolcon.colcon_core.package_identification[0m [1;30mLevel 1[0m _identify(johan_bag_hai) by extensions ['colcon_meta']
[0.382s] [34mcolcon.colcon_core.package_identification[0m [1;30mLevel 1[0m _identify(johan_bag_hai) by extension 'colcon_meta'
[0.382s] [34mcolcon.colcon_core.package_identification[0m [1;30mLevel 1[0m _identify(johan_bag_hai) by extensions ['ros']
[0.383s] [34mcolcon.colcon_core.package_identification[0m [1;30mLevel 1[0m _identify(johan_bag_hai) by extension 'ros'
[0.383s] [34mcolcon.colcon_core.package_identification[0m [1;30mLevel 1[0m _identify(johan_bag_hai) by extensions ['cmake', 'python']
[0.383s] [34mcolcon.colcon_core.package_identification[0m [1;30mLevel 1[0m _identify(johan_bag_hai) by extension 'cmake'
[0.383s] [34mcolcon.colcon_core.package_identification[0m [1;30mLevel 1[0m _identify(johan_bag_hai) by extension 'python'
[0.383s] [34mcolcon.colcon_core.package_identification[0m [1;30mLevel 1[0m _identify(johan_bag_hai) by extensions ['python_setup_py']
[0.383s] [34mcolcon.colcon_core.package_identification[0m [1;30mLevel 1[0m _identify(johan_bag_hai) by extension 'python_setup_py'
[0.383s] [34mcolcon.colcon_core.package_identification[0m [1;30mLevel 1[0m _identify(log) by extensions ['ignore', 'ignore_ament_install']
[0.383s] [34mcolcon.colcon_core.package_identification[0m [1;30mLevel 1[0m _identify(log) by extension 'ignore'
[0.383s] [34mcolcon.colcon_core.package_identification[0m [1;30mLevel 1[0m _identify(log) ignored
[0.383s] [34mcolcon.colcon_core.package_identification[0m [1;30mLevel 1[0m _identify(src) by extensions ['ignore', 'ignore_ament_install']
[0.383s] [34mcolcon.colcon_core.package_identification[0m [1;30mLevel 1[0m _identify(src) by extension 'ignore'
[0.383s] [34mcolcon.colcon_core.package_identification[0m [1;30mLevel 1[0m _identify(src) by extension 'ignore_ament_install'
[0.384s] [34mcolcon.colcon_core.package_identification[0m [1;30mLevel 1[0m _identify(src) by extensions ['colcon_pkg']
[0.384s] [34mcolcon.colcon_core.package_identification[0m [1;30mLevel 1[0m _identify(src) by extension 'colcon_pkg'
[0.384s] [34mcolcon.colcon_core.package_identification[0m [1;30mLevel 1[0m _identify(src) by extensions ['colcon_meta']
[0.384s] [34mcolcon.colcon_core.package_identification[0m [1;30mLevel 1[0m _identify(src) by extension 'colcon_meta'
[0.384s] [34mcolcon.colcon_core.package_identification[0m [1;30mLevel 1[0m _identify(src) by extensions ['ros']
[0.384s] [34mcolcon.colcon_core.package_identification[0m [1;30mLevel 1[0m _identify(src) by extension 'ros'
[0.384s] [34mcolcon.colcon_core.package_identification[0m [1;30mLevel 1[0m _identify(src) by extensions ['cmake', 'python']
[0.384s] [34mcolcon.colcon_core.package_identification[0m [1;30mLevel 1[0m _identify(src) by extension 'cmake'
[0.384s] [34mcolcon.colcon_core.package_identification[0m [1;30mLevel 1[0m _identify(src) by extension 'python'
[0.384s] [34mcolcon.colcon_core.package_identification[0m [1;30mLevel 1[0m _identify(src) by extensions ['python_setup_py']
[0.384s] [34mcolcon.colcon_core.package_identification[0m [1;30mLevel 1[0m _identify(src) by extension 'python_setup_py'
[0.384s] [34mcolcon.colcon_core.package_identification[0m [1;30mLevel 1[0m _identify(src/extras) by extensions ['ignore', 'ignore_ament_install']
[0.384s] [34mcolcon.colcon_core.package_identification[0m [1;30mLevel 1[0m _identify(src/extras) by extension 'ignore'
[0.384s] [34mcolcon.colcon_core.package_identification[0m [1;30mLevel 1[0m _identify(src/extras) by extension 'ignore_ament_install'
[0.384s] [34mcolcon.colcon_core.package_identification[0m [1;30mLevel 1[0m _identify(src/extras) by extensions ['colcon_pkg']
[0.384s] [34mcolcon.colcon_core.package_identification[0m [1;30mLevel 1[0m _identify(src/extras) by extension 'colcon_pkg'
[0.385s] [34mcolcon.colcon_core.package_identification[0m [1;30mLevel 1[0m _identify(src/extras) by extensions ['colcon_meta']
[0.385s] [34mcolcon.colcon_core.package_identification[0m [1;30mLevel 1[0m _identify(src/extras) by extension 'colcon_meta'
[0.385s] [34mcolcon.colcon_core.package_identification[0m [1;30mLevel 1[0m _identify(src/extras) by extensions ['ros']
[0.385s] [34mcolcon.colcon_core.package_identification[0m [1;30mLevel 1[0m _identify(src/extras) by extension 'ros'
[0.387s] [34mcolcon.colcon_core.package_identification[0m [1;30mDEBUG[0m [32mPackage 'src/extras' with type 'ros.ament_python' and name 'extras'[0m
[0.387s] [34mcolcon.colcon_core.package_identification[0m [1;30mLevel 1[0m _identify(src/odom_publisher_pkg) by extensions ['ignore', 'ignore_ament_install']
[0.387s] [34mcolcon.colcon_core.package_identification[0m [1;30mLevel 1[0m _identify(src/odom_publisher_pkg) by extension 'ignore'
[0.387s] [34mcolcon.colcon_core.package_identification[0m [1;30mLevel 1[0m _identify(src/odom_publisher_pkg) by extension 'ignore_ament_install'
[0.388s] [34mcolcon.colcon_core.package_identification[0m [1;30mLevel 1[0m _identify(src/odom_publisher_pkg) by extensions ['colcon_pkg']
[0.388s] [34mcolcon.colcon_core.package_identification[0m [1;30mLevel 1[0m _identify(src/odom_publisher_pkg) by extension 'colcon_pkg'
[0.388s] [34mcolcon.colcon_core.package_identification[0m [1;30mLevel 1[0m _identify(src/odom_publisher_pkg) by extensions ['colcon_meta']
[0.388s] [34mcolcon.colcon_core.package_identification[0m [1;30mLevel 1[0m _identify(src/odom_publisher_pkg) by extension 'colcon_meta'
[0.388s] [34mcolcon.colcon_core.package_identification[0m [1;30mLevel 1[0m _identify(src/odom_publisher_pkg) by extensions ['ros']
[0.388s] [34mcolcon.colcon_core.package_identification[0m [1;30mLevel 1[0m _identify(src/odom_publisher_pkg) by extension 'ros'
[0.388s] [34mcolcon.colcon_core.package_identification[0m [1;30mDEBUG[0m [32mPackage 'src/odom_publisher_pkg' with type 'ros.ament_cmake' and name 'odom_publisher_pkg'[0m
[0.389s] [34mcolcon.colcon_core.package_identification[0m [1;30mLevel 1[0m _identify(src/ppf) by extensions ['ignore', 'ignore_ament_install']
[0.389s] [34mcolcon.colcon_core.package_identification[0m [1;30mLevel 1[0m _identify(src/ppf) by extension 'ignore'
[0.389s] [34mcolcon.colcon_core.package_identification[0m [1;30mLevel 1[0m _identify(src/ppf) by extension 'ignore_ament_install'
[0.389s] [34mcolcon.colcon_core.package_identification[0m [1;30mLevel 1[0m _identify(src/ppf) by extensions ['colcon_pkg']
[0.389s] [34mcolcon.colcon_core.package_identification[0m [1;30mLevel 1[0m _identify(src/ppf) by extension 'colcon_pkg'
[0.389s] [34mcolcon.colcon_core.package_identification[0m [1;30mLevel 1[0m _identify(src/ppf) by extensions ['colcon_meta']
[0.389s] [34mcolcon.colcon_core.package_identification[0m [1;30mLevel 1[0m _identify(src/ppf) by extension 'colcon_meta'
[0.389s] [34mcolcon.colcon_core.package_identification[0m [1;30mLevel 1[0m _identify(src/ppf) by extensions ['ros']
[0.389s] [34mcolcon.colcon_core.package_identification[0m [1;30mLevel 1[0m _identify(src/ppf) by extension 'ros'
[0.389s] [34mcolcon.colcon_core.package_identification[0m [1;30mDEBUG[0m [32mPackage 'src/ppf' with type 'ros.ament_cmake' and name 'ppf_node'[0m
[0.390s] [34mcolcon.colcon_core.package_discovery[0m [1;30mLevel 1[0m discover_packages(recursive) using defaults
[0.390s] [34mcolcon.colcon_core.package_discovery[0m [1;30mLevel 1[0m discover_packages(ignore) discover
[0.390s] [34mcolcon.colcon_core.package_discovery[0m [1;30mLevel 1[0m discover_packages(ignore) using defaults
[0.390s] [34mcolcon.colcon_core.package_discovery[0m [1;30mLevel 1[0m discover_packages(path) discover
[0.390s] [34mcolcon.colcon_core.package_discovery[0m [1;30mLevel 1[0m discover_packages(path) using defaults
[0.403s] [34mcolcon.colcon_core.package_selection[0m [1;30mINFO[0m Skipping not selected package 'extras' in 'src/extras'
[0.403s] [34mcolcon.colcon_core.package_selection[0m [1;30mINFO[0m Skipping not selected package 'odom_publisher_pkg' in 'src/odom_publisher_pkg'
[0.404s] [34mcolcon.colcon_core.package_discovery[0m [1;30mLevel 1[0m discover_packages(prefix_path) check parameters
[0.404s] [34mcolcon.colcon_core.package_discovery[0m [1;30mLevel 1[0m discover_packages(prefix_path) discover
[0.405s] [34mcolcon.colcon_installed_package_information.package_discovery[0m [1;30mDEBUG[0m [32mFound 3 installed packages in /home/sedrica/ros2ppf_26_10/install[0m
[0.406s] [34mcolcon.colcon_installed_package_information.package_discovery[0m [1;30mDEBUG[0m [32mFound 2 installed packages in /home/sedrica/ros2ppf/install[0m
[0.407s] [34mcolcon.colcon_installed_package_information.package_discovery[0m [1;30mDEBUG[0m [32mFound 265 installed packages in /opt/ros/foxy[0m
[0.409s] [34mcolcon.colcon_core.package_discovery[0m [1;30mLevel 1[0m discover_packages(prefix_path) using defaults
[0.468s] [34mcolcon.colcon_core.verb[0m [1;30mLevel 5[0m set package 'ppf_node' build argument 'cmake_args' from command line to 'None'
[0.468s] [34mcolcon.colcon_core.verb[0m [1;30mLevel 5[0m set package 'ppf_node' build argument 'cmake_target' from command line to 'None'
[0.468s] [34mcolcon.colcon_core.verb[0m [1;30mLevel 5[0m set package 'ppf_node' build argument 'cmake_target_skip_unavailable' from command line to 'False'
[0.468s] [34mcolcon.colcon_core.verb[0m [1;30mLevel 5[0m set package 'ppf_node' build argument 'cmake_clean_cache' from command line to 'False'
[0.468s] [34mcolcon.colcon_core.verb[0m [1;30mLevel 5[0m set package 'ppf_node' build argument 'cmake_clean_first' from command line to 'False'
[0.468s] [34mcolcon.colcon_core.verb[0m [1;30mLevel 5[0m set package 'ppf_node' build argument 'cmake_force_configure' from command line to 'False'
[0.468s] [34mcolcon.colcon_core.verb[0m [1;30mLevel 5[0m set package 'ppf_node' build argument 'ament_cmake_args' from command line to 'None'
[0.468s] [34mcolcon.colcon_core.verb[0m [1;30mLevel 5[0m set package 'ppf_node' build argument 'catkin_cmake_args' from command line to 'None'
[0.468s] [34mcolcon.colcon_core.verb[0m [1;30mLevel 5[0m set package 'ppf_node' build argument 'catkin_skip_building_tests' from command line to 'False'
[0.468s] [34mcolcon.colcon_core.verb[0m [1;30mDEBUG[0m [32mBuilding package 'ppf_node' with the following arguments: {'ament_cmake_args': None, 'build_base': '/home/sedrica/ros2ppf_26_10/build/ppf_node', 'catkin_cmake_args': None, 'catkin_skip_building_tests': False, 'cmake_args': None, 'cmake_clean_cache': False, 'cmake_clean_first': False, 'cmake_force_configure': False, 'cmake_target': None, 'cmake_target_skip_unavailable': False, 'install_base': '/home/sedrica/ros2ppf_26_10/install/ppf_node', 'merge_install': False, 'path': '/home/sedrica/ros2ppf_26_10/src/ppf', 'symlink_install': False, 'test_result_base': None}[0m
[0.469s] [34mcolcon.colcon_core.executor[0m [1;30mINFO[0m Executing jobs using 'parallel' executor
[0.471s] [34mcolcon.colcon_parallel_executor.executor.parallel[0m [1;30mDEBUG[0m [32mrun_until_complete[0m
[0.472s] [34mcolcon.colcon_ros.task.ament_cmake.build[0m [1;30mINFO[0m Building ROS package in '/home/sedrica/ros2ppf_26_10/src/ppf' with build type 'ament_cmake'
[0.472s] [34mcolcon.colcon_cmake.task.cmake.build[0m [1;30mINFO[0m Building CMake package in '/home/sedrica/ros2ppf_26_10/src/ppf'
[0.478s] [34mcolcon.colcon_core.plugin_system[0m [1;30mINFO[0m Skipping extension 'colcon_core.shell.bat': Not used on non-Windows systems
[0.478s] [34mcolcon.colcon_core.shell[0m [1;30mINFO[0m Skip shell extension 'powershell' for command environment: Not usable outside of PowerShell
[0.479s] [34mcolcon.colcon_core.shell[0m [1;30mDEBUG[0m [32mSkip shell extension 'dsv' for command environment[0m
[0.501s] [34mcolcon.colcon_core.event_handler.log_command[0m [1;30mDEBUG[0m [32mInvoking command in '/home/sedrica/ros2ppf_26_10/build/ppf_node': CMAKE_PREFIX_PATH=${CMAKE_PREFIX_PATH}:/home/sedrica/ros2ppf_26_10/install/extras:/home/sedrica/ros2ppf/install/extras:/opt/ros/foxy /usr/bin/cmake --build /home/sedrica/ros2ppf_26_10/build/ppf_node -- -j20 -l20[0m
[8.502s] [34mcolcon.colcon_core.event_handler.log_command[0m [1;30mDEBUG[0m [32mInvoked command in '/home/sedrica/ros2ppf_26_10/build/ppf_node' returned '0': CMAKE_PREFIX_PATH=${CMAKE_PREFIX_PATH}:/home/sedrica/ros2ppf_26_10/install/extras:/home/sedrica/ros2ppf/install/extras:/opt/ros/foxy /usr/bin/cmake --build /home/sedrica/ros2ppf_26_10/build/ppf_node -- -j20 -l20[0m
[8.588s] [34mcolcon.colcon_core.event_handler.log_command[0m [1;30mDEBUG[0m [32mInvoking command in '/home/sedrica/ros2ppf_26_10/build/ppf_node': CMAKE_PREFIX_PATH=${CMAKE_PREFIX_PATH}:/home/sedrica/ros2ppf_26_10/install/extras:/home/sedrica/ros2ppf/install/extras:/opt/ros/foxy /usr/bin/cmake --install /home/sedrica/ros2ppf_26_10/build/ppf_node[0m
[8.604s] [34mcolcon.colcon_core.environment[0m [1;30mLevel 1[0m create_environment_scripts_only(ppf_node)
[8.607s] [34mcolcon.colcon_core.event_handler.log_command[0m [1;30mDEBUG[0m [32mInvoked command in '/home/sedrica/ros2ppf_26_10/build/ppf_node' returned '0': CMAKE_PREFIX_PATH=${CMAKE_PREFIX_PATH}:/home/sedrica/ros2ppf_26_10/install/extras:/home/sedrica/ros2ppf/install/extras:/opt/ros/foxy /usr/bin/cmake --install /home/sedrica/ros2ppf_26_10/build/ppf_node[0m
[8.616s] [34mcolcon.colcon_core.environment[0m [1;30mLevel 1[0m checking '/home/sedrica/ros2ppf_26_10/install/ppf_node' for CMake module files
[8.618s] [34mcolcon.colcon_core.environment[0m [1;30mLevel 1[0m checking '/home/sedrica/ros2ppf_26_10/install/ppf_node' for CMake config files
[8.619s] [34mcolcon.colcon_core.shell[0m [1;30mLevel 1[0m create_environment_hook('ppf_node', 'cmake_prefix_path')
[8.620s] [34mcolcon.colcon_core.shell[0m [1;30mINFO[0m Creating environment hook '/home/sedrica/ros2ppf_26_10/install/ppf_node/share/ppf_node/hook/cmake_prefix_path.ps1'
[8.623s] [34mcolcon.colcon_core.shell[0m [1;30mINFO[0m Creating environment descriptor '/home/sedrica/ros2ppf_26_10/install/ppf_node/share/ppf_node/hook/cmake_prefix_path.dsv'
[8.624s] [34mcolcon.colcon_core.shell[0m [1;30mINFO[0m Creating environment hook '/home/sedrica/ros2ppf_26_10/install/ppf_node/share/ppf_node/hook/cmake_prefix_path.sh'
[8.627s] [34mcolcon.colcon_core.environment[0m [1;30mLevel 1[0m checking '/home/sedrica/ros2ppf_26_10/install/ppf_node/lib'
[8.627s] [34mcolcon.colcon_core.environment[0m [1;30mLevel 1[0m checking '/home/sedrica/ros2ppf_26_10/install/ppf_node/bin'
[8.627s] [34mcolcon.colcon_core.environment[0m [1;30mLevel 1[0m checking '/home/sedrica/ros2ppf_26_10/install/ppf_node/lib/pkgconfig/ppf_node.pc'
[8.628s] [34mcolcon.colcon_core.environment[0m [1;30mLevel 1[0m checking '/home/sedrica/ros2ppf_26_10/install/ppf_node/lib/python3.8/site-packages'
[8.629s] [34mcolcon.colcon_core.environment[0m [1;30mLevel 1[0m checking '/home/sedrica/ros2ppf_26_10/install/ppf_node/bin'
[8.630s] [34mcolcon.colcon_core.shell[0m [1;30mINFO[0m Creating package script '/home/sedrica/ros2ppf_26_10/install/ppf_node/share/ppf_node/package.ps1'
[8.632s] [34mcolcon.colcon_core.shell[0m [1;30mINFO[0m Creating package descriptor '/home/sedrica/ros2ppf_26_10/install/ppf_node/share/ppf_node/package.dsv'
[8.633s] [34mcolcon.colcon_core.shell[0m [1;30mINFO[0m Creating package script '/home/sedrica/ros2ppf_26_10/install/ppf_node/share/ppf_node/package.sh'
[8.635s] [34mcolcon.colcon_core.shell[0m [1;30mINFO[0m Creating package script '/home/sedrica/ros2ppf_26_10/install/ppf_node/share/ppf_node/package.bash'
[8.636s] [34mcolcon.colcon_core.shell[0m [1;30mINFO[0m Creating package script '/home/sedrica/ros2ppf_26_10/install/ppf_node/share/ppf_node/package.zsh'
[8.637s] [34mcolcon.colcon_core.environment[0m [1;30mLevel 1[0m create_file_with_runtime_dependencies(/home/sedrica/ros2ppf_26_10/install/ppf_node/share/colcon-core/packages/ppf_node)
[8.689s] [34mcolcon.colcon_core.environment[0m [1;30mLevel 1[0m create_environment_scripts_only(ppf_node)
[8.690s] [34mcolcon.colcon_core.environment[0m [1;30mLevel 1[0m checking '/home/sedrica/ros2ppf_26_10/install/ppf_node' for CMake module files
[8.691s] [34mcolcon.colcon_core.environment[0m [1;30mLevel 1[0m checking '/home/sedrica/ros2ppf_26_10/install/ppf_node' for CMake config files
[8.692s] [34mcolcon.colcon_core.shell[0m [1;30mLevel 1[0m create_environment_hook('ppf_node', 'cmake_prefix_path')
[8.692s] [34mcolcon.colcon_core.shell[0m [1;30mINFO[0m Creating environment hook '/home/sedrica/ros2ppf_26_10/install/ppf_node/share/ppf_node/hook/cmake_prefix_path.ps1'
[8.694s] [34mcolcon.colcon_core.shell[0m [1;30mINFO[0m Creating environment descriptor '/home/sedrica/ros2ppf_26_10/install/ppf_node/share/ppf_node/hook/cmake_prefix_path.dsv'
[8.694s] [34mcolcon.colcon_core.shell[0m [1;30mINFO[0m Creating environment hook '/home/sedrica/ros2ppf_26_10/install/ppf_node/share/ppf_node/hook/cmake_prefix_path.sh'
[8.696s] [34mcolcon.colcon_core.environment[0m [1;30mLevel 1[0m checking '/home/sedrica/ros2ppf_26_10/install/ppf_node/lib'
[8.697s] [34mcolcon.colcon_core.environment[0m [1;30mLevel 1[0m checking '/home/sedrica/ros2ppf_26_10/install/ppf_node/bin'
[8.697s] [34mcolcon.colcon_core.environment[0m [1;30mLevel 1[0m checking '/home/sedrica/ros2ppf_26_10/install/ppf_node/lib/pkgconfig/ppf_node.pc'
[8.698s] [34mcolcon.colcon_core.environment[0m [1;30mLevel 1[0m checking '/home/sedrica/ros2ppf_26_10/install/ppf_node/lib/python3.8/site-packages'
[8.699s] [34mcolcon.colcon_core.environment[0m [1;30mLevel 1[0m checking '/home/sedrica/ros2ppf_26_10/install/ppf_node/bin'
[8.701s] [34mcolcon.colcon_core.shell[0m [1;30mINFO[0m Creating package script '/home/sedrica/ros2ppf_26_10/install/ppf_node/share/ppf_node/package.ps1'
[8.702s] [34mcolcon.colcon_core.shell[0m [1;30mINFO[0m Creating package descriptor '/home/sedrica/ros2ppf_26_10/install/ppf_node/share/ppf_node/package.dsv'
[8.704s] [34mcolcon.colcon_core.shell[0m [1;30mINFO[0m Creating package script '/home/sedrica/ros2ppf_26_10/install/ppf_node/share/ppf_node/package.sh'
[8.706s] [34mcolcon.colcon_core.shell[0m [1;30mINFO[0m Creating package script '/home/sedrica/ros2ppf_26_10/install/ppf_node/share/ppf_node/package.bash'
[8.707s] [34mcolcon.colcon_core.shell[0m [1;30mINFO[0m Creating package script '/home/sedrica/ros2ppf_26_10/install/ppf_node/share/ppf_node/package.zsh'
[8.707s] [34mcolcon.colcon_core.environment[0m [1;30mLevel 1[0m create_file_with_runtime_dependencies(/home/sedrica/ros2ppf_26_10/install/ppf_node/share/colcon-core/packages/ppf_node)
[8.708s] [34mcolcon.colcon_parallel_executor.executor.parallel[0m [1;30mDEBUG[0m [32mclosing loop[0m
[8.709s] [34mcolcon.colcon_parallel_executor.executor.parallel[0m [1;30mDEBUG[0m [32mloop closed[0m
[8.709s] [34mcolcon.colcon_parallel_executor.executor.parallel[0m [1;30mDEBUG[0m [32mrun_until_complete finished with '0'[0m
[8.709s] [34mcolcon.colcon_core.event_reactor[0m [1;30mDEBUG[0m [32mjoining thread[0m
[8.743s] [34mcolcon.colcon_core.plugin_system[0m [1;30mINFO[0m Skipping extension 'colcon_notification.desktop_notification.terminal_notifier': Not used on non-Darwin systems
[8.743s] [34mcolcon.colcon_core.plugin_system[0m [1;30mINFO[0m Skipping extension 'colcon_notification.desktop_notification.win32': Not used on non-Windows systems
[8.743s] [34mcolcon.colcon_notification.desktop_notification[0m [1;30mINFO[0m Sending desktop notification using 'notify2'
[8.776s] [34mcolcon.colcon_core.event_reactor[0m [1;30mDEBUG[0m [32mjoined thread[0m
[8.778s] [34mcolcon.colcon_core.shell[0m [1;30mINFO[0m Creating prefix script '/home/sedrica/ros2ppf_26_10/install/local_setup.ps1'
[8.782s] [34mcolcon.colcon_core.shell[0m [1;30mINFO[0m Creating prefix util module '/home/sedrica/ros2ppf_26_10/install/_local_setup_util_ps1.py'
[8.786s] [34mcolcon.colcon_core.shell[0m [1;30mINFO[0m Creating prefix chain script '/home/sedrica/ros2ppf_26_10/install/setup.ps1'
[8.790s] [34mcolcon.colcon_core.shell[0m [1;30mINFO[0m Creating prefix script '/home/sedrica/ros2ppf_26_10/install/local_setup.sh'
[8.791s] [34mcolcon.colcon_core.shell[0m [1;30mINFO[0m Creating prefix util module '/home/sedrica/ros2ppf_26_10/install/_local_setup_util_sh.py'
[8.792s] [34mcolcon.colcon_core.shell[0m [1;30mINFO[0m Creating prefix chain script '/home/sedrica/ros2ppf_26_10/install/setup.sh'
[8.794s] [34mcolcon.colcon_core.shell[0m [1;30mINFO[0m Creating prefix script '/home/sedrica/ros2ppf_26_10/install/local_setup.bash'
[8.795s] [34mcolcon.colcon_core.shell[0m [1;30mINFO[0m Creating prefix chain script '/home/sedrica/ros2ppf_26_10/install/setup.bash'
[8.797s] [34mcolcon.colcon_core.shell[0m [1;30mINFO[0m Creating prefix script '/home/sedrica/ros2ppf_26_10/install/local_setup.zsh'
[8.797s] [34mcolcon.colcon_core.shell[0m [1;30mINFO[0m Creating prefix chain script '/home/sedrica/ros2ppf_26_10/install/setup.zsh'
