running egg_info
writing ../../build/extras/extras.egg-info/PKG-INFO
writing dependency_links to ../../build/extras/extras.egg-info/dependency_links.txt
writing entry points to ../../build/extras/extras.egg-info/entry_points.txt
writing requirements to ../../build/extras/extras.egg-info/requires.txt
writing top-level names to ../../build/extras/extras.egg-info/top_level.txt
reading manifest file '../../build/extras/extras.egg-info/SOURCES.txt'
writing manifest file '../../build/extras/extras.egg-info/SOURCES.txt'
running build
running build_py
copying extras/direction.py -> /home/sedrica/ros2ppf_26_10/build/extras/build/lib/extras
copying extras/tests.py -> /home/sedrica/ros2ppf_26_10/build/extras/build/lib/extras
copying extras/frametf.py -> /home/sedrica/ros2ppf_26_10/build/extras/build/lib/extras
running install
running install_lib
copying /home/sedrica/ros2ppf_26_10/build/extras/build/lib/extras/tests.py -> /home/sedrica/ros2ppf_26_10/install/extras/lib/python3.8/site-packages/extras
byte-compiling /home/sedrica/ros2ppf_26_10/install/extras/lib/python3.8/site-packages/extras/tests.py to tests.cpython-38.pyc
running install_data
running install_egg_info
removing '/home/sedrica/ros2ppf_26_10/install/extras/lib/python3.8/site-packages/extras-0.0.0-py3.8.egg-info' (and everything under it)
Copying ../../build/extras/extras.egg-info to /home/sedrica/ros2ppf_26_10/install/extras/lib/python3.8/site-packages/extras-0.0.0-py3.8.egg-info
running install_scripts
Installing convertor script to /home/sedrica/ros2ppf_26_10/install/extras/lib/extras
Installing direction script to /home/sedrica/ros2ppf_26_10/install/extras/lib/extras
Installing frametf script to /home/sedrica/ros2ppf_26_10/install/extras/lib/extras
Installing tests script to /home/sedrica/ros2ppf_26_10/install/extras/lib/extras
writing list of installed files to '/home/sedrica/ros2ppf_26_10/build/extras/install.log'
