[0.936s] Invoking command in '/home/sedrica/ros2ppf_26_10/src/extras': CONDA_PROMPT_MODIFIER=(base) PYTHONPATH=/home/sedrica/ros2ppf_26_10/build/extras/prefix_override:/usr/lib/python3/dist-packages/colcon_core/task/python/colcon_distutils_commands:/home/sedrica/ros2ppf_26_10/install/extras/lib/python3.8/site-packages:${PYTHONPATH} /usr/bin/python3 -W ignore:setup.py install is deprecated setup.py egg_info --egg-base ../../build/extras build --build-base /home/sedrica/ros2ppf_26_10/build/extras/build install --record /home/sedrica/ros2ppf_26_10/build/extras/install.log --install-scripts $base/lib/extras --single-version-externally-managed install_data
[1.092s] /home/sedrica/.local/lib/python3.8/site-packages/setuptools/dist.py:491: SetuptoolsDeprecationWarning: Invalid dash-separated options
[1.092s] !!
[1.092s] 
[1.092s]         ********************************************************************************
[1.092s]         Usage of dash-separated 'script-dir' will not be supported in future
[1.093s]         versions. Please use the underscore name 'script_dir' instead.
[1.093s] 
[1.093s]         By 2025-Mar-03, you need to update your project and remove deprecated calls
[1.093s]         or your builds will no longer be supported.
[1.093s] 
[1.093s]         See https://setuptools.pypa.io/en/latest/userguide/declarative_config.html for details.
[1.093s]         ********************************************************************************
[1.094s] 
[1.094s] !!
[1.094s]   opt = self.warn_dash_deprecation(opt, section)
[1.112s] /home/sedrica/.local/lib/python3.8/site-packages/setuptools/_distutils/dist.py:261: UserWarning: Unknown distribution option: 'tests_require'
[1.112s]   warnings.warn(msg)
[1.233s] running egg_info
[1.253s] creating ../../build/extras/extras.egg-info
[1.254s] writing ../../build/extras/extras.egg-info/PKG-INFO
[1.254s] writing dependency_links to ../../build/extras/extras.egg-info/dependency_links.txt
[1.254s] writing entry points to ../../build/extras/extras.egg-info/entry_points.txt
[1.254s] writing requirements to ../../build/extras/extras.egg-info/requires.txt
[1.254s] writing top-level names to ../../build/extras/extras.egg-info/top_level.txt
[1.340s] writing manifest file '../../build/extras/extras.egg-info/SOURCES.txt'
[1.384s] reading manifest file '../../build/extras/extras.egg-info/SOURCES.txt'
[1.385s] writing manifest file '../../build/extras/extras.egg-info/SOURCES.txt'
[1.385s] running build
[1.385s] running build_py
[1.386s] creating /home/sedrica/ros2ppf_26_10/build/extras/build/lib/extras
[1.386s] copying extras/direction.py -> /home/sedrica/ros2ppf_26_10/build/extras/build/lib/extras
[1.386s] copying extras/convertor.py -> /home/sedrica/ros2ppf_26_10/build/extras/build/lib/extras
[1.386s] copying extras/__init__.py -> /home/sedrica/ros2ppf_26_10/build/extras/build/lib/extras
[1.386s] running install
[1.394s] running install_lib
[1.414s] creating /home/sedrica/ros2ppf_26_10/install/extras/lib/python3.8/site-packages/extras
[1.414s] copying /home/sedrica/ros2ppf_26_10/build/extras/build/lib/extras/direction.py -> /home/sedrica/ros2ppf_26_10/install/extras/lib/python3.8/site-packages/extras
[1.414s] copying /home/sedrica/ros2ppf_26_10/build/extras/build/lib/extras/convertor.py -> /home/sedrica/ros2ppf_26_10/install/extras/lib/python3.8/site-packages/extras
[1.415s] copying /home/sedrica/ros2ppf_26_10/build/extras/build/lib/extras/__init__.py -> /home/sedrica/ros2ppf_26_10/install/extras/lib/python3.8/site-packages/extras
[1.415s] byte-compiling /home/sedrica/ros2ppf_26_10/install/extras/lib/python3.8/site-packages/extras/direction.py to direction.cpython-38.pyc
[1.416s] byte-compiling /home/sedrica/ros2ppf_26_10/install/extras/lib/python3.8/site-packages/extras/convertor.py to convertor.cpython-38.pyc
[1.417s] byte-compiling /home/sedrica/ros2ppf_26_10/install/extras/lib/python3.8/site-packages/extras/__init__.py to __init__.cpython-38.pyc
[1.417s] running install_data
[1.417s] creating /home/sedrica/ros2ppf_26_10/install/extras/share/ament_index/resource_index/packages
[1.417s] copying resource/extras -> /home/sedrica/ros2ppf_26_10/install/extras/share/ament_index/resource_index/packages
[1.418s] copying package.xml -> /home/sedrica/ros2ppf_26_10/install/extras/share/extras
[1.418s] running install_egg_info
[1.439s] Copying ../../build/extras/extras.egg-info to /home/sedrica/ros2ppf_26_10/install/extras/lib/python3.8/site-packages/extras-0.0.0-py3.8.egg-info
[1.439s] running install_scripts
[1.486s] Installing convertor script to /home/sedrica/ros2ppf_26_10/install/extras/lib/extras
[1.486s] Installing direction script to /home/sedrica/ros2ppf_26_10/install/extras/lib/extras
[1.486s] writing list of installed files to '/home/sedrica/ros2ppf_26_10/build/extras/install.log'
[1.510s] Invoked command in '/home/sedrica/ros2ppf_26_10/src/extras' returned '0': CONDA_PROMPT_MODIFIER=(base) PYTHONPATH=/home/sedrica/ros2ppf_26_10/build/extras/prefix_override:/usr/lib/python3/dist-packages/colcon_core/task/python/colcon_distutils_commands:/home/sedrica/ros2ppf_26_10/install/extras/lib/python3.8/site-packages:${PYTHONPATH} /usr/bin/python3 -W ignore:setup.py install is deprecated setup.py egg_info --egg-base ../../build/extras build --build-base /home/sedrica/ros2ppf_26_10/build/extras/build install --record /home/sedrica/ros2ppf_26_10/build/extras/install.log --install-scripts $base/lib/extras --single-version-externally-managed install_data
