[0.036s] Invoking command in '/home/sedrica/ros2ppf_26_10/build/ppf_node': CMAKE_PREFIX_PATH=${CMAKE_PREFIX_PATH}:/home/sedrica/ros2ppf_26_10/install/extras:/home/sedrica/ros2ppf/install/extras:/opt/ros/foxy /usr/bin/cmake --build /home/sedrica/ros2ppf_26_10/build/ppf_node -- -j20 -l20
[0.128s] [35m[1mScanning dependencies of target ppf_node[0m
[0.183s] [ 50%] [32mBuilding CXX object CMakeFiles/ppf_node.dir/src/ppfnode.cpp.o[0m
[1.492s] In file included from [01m[K/home/sedrica/ros2ppf_26_10/src/ppf/src/ppfnode.cpp:10[m[K:
[1.492s] [01m[K/home/sedrica/ros2ppf_26_10/src/ppf/src/ppf_n.cpp:[m[K In function ‘[01m[Kdouble calculateRepulsivePotential(const Point&, const std::vector<std::vector<int> >&)[m[K’:
[1.492s] [01m[K/home/sedrica/ros2ppf_26_10/src/ppf/src/ppf_n.cpp:52:23:[m[K [01;35m[Kwarning: [m[Kcomparison of integer expressions of different signedness: ‘[01m[Kint[m[K’ and ‘[01m[Kstd::vector<std::vector<int> >::size_type[m[K’ {aka ‘[01m[Klong unsigned int[m[K’} [[01;35m[K-Wsign-compare[m[K]
[1.493s]    52 |     for (int i = 0; [01;35m[Ki < grid.size()[m[K; ++i)
[1.493s]       |                     [01;35m[K~~^~~~~~~~~~~~~[m[K
[1.494s] [01m[K/home/sedrica/ros2ppf_26_10/src/ppf/src/ppf_n.cpp:54:27:[m[K [01;35m[Kwarning: [m[Kcomparison of integer expressions of different signedness: ‘[01m[Kint[m[K’ and ‘[01m[Kstd::vector<int>::size_type[m[K’ {aka ‘[01m[Klong unsigned int[m[K’} [[01;35m[K-Wsign-compare[m[K]
[1.494s]    54 |         for (int j = 0; [01;35m[Kj < grid[0].size()[m[K; ++j)
[1.494s]       |                         [01;35m[K~~^~~~~~~~~~~~~~~~[m[K
[1.497s] In file included from [01m[K/home/sedrica/ros2ppf_26_10/src/ppf/src/ppfnode.cpp:10[m[K:
[1.497s] [01m[K/home/sedrica/ros2ppf_26_10/src/ppf/src/ppf_n.cpp:[m[K In function ‘[01m[Kstd::vector<std::vector<int> > smoothPath(const std::vector<std::vector<int> >&, std::vector<std::vector<int> >&)[m[K’:
[1.498s] [01m[K/home/sedrica/ros2ppf_26_10/src/ppf/src/ppf_n.cpp:141:19:[m[K [01;35m[Kwarning: [m[Kcomparison of integer expressions of different signedness: ‘[01m[Kint[m[K’ and ‘[01m[Kstd::vector<std::vector<int> >::size_type[m[K’ {aka ‘[01m[Klong unsigned int[m[K’} [[01;35m[K-Wsign-compare[m[K]
[1.498s]   141 |     for(int i=0; [01;35m[Ki<smoothedPath.size()[m[K;i++){
[1.498s]       |                  [01;35m[K~^~~~~~~~~~~~~~~~~~~~[m[K
[1.503s] [01m[K/home/sedrica/ros2ppf_26_10/src/ppf/src/ppf_n.cpp:[m[K In function ‘[01m[KPoint getNextStep(const Point&, const Point&, std::vector<std::vector<int> >&)[m[K’:
[1.503s] [01m[K/home/sedrica/ros2ppf_26_10/src/ppf/src/ppf_n.cpp:174:43:[m[K [01;35m[Kwarning: [m[Kcomparison of integer expressions of different signedness: ‘[01m[Kconst int[m[K’ and ‘[01m[Kstd::vector<std::vector<int> >::size_type[m[K’ {aka ‘[01m[Klong unsigned int[m[K’} [[01;35m[K-Wsign-compare[m[K]
[1.503s]   174 |         if (neighbor.x >= 0 && [01;35m[Kneighbor.x < grid.size()[m[K && neighbor.y >= 0 && neighbor.y < grid[0].size() && grid[neighbor.x][neighbor.y] != 1)
[1.503s]       |                                [01;35m[K~~~~~~~~~~~^~~~~~~~~~~~~[m[K
[1.503s] [01m[K/home/sedrica/ros2ppf_26_10/src/ppf/src/ppf_n.cpp:174:90:[m[K [01;35m[Kwarning: [m[Kcomparison of integer expressions of different signedness: ‘[01m[Kconst int[m[K’ and ‘[01m[Kstd::vector<int>::size_type[m[K’ {aka ‘[01m[Klong unsigned int[m[K’} [[01;35m[K-Wsign-compare[m[K]
[1.504s]   174 | if (neighbor.x >= 0 && neighbor.x < grid.size() && neighbor.y >= 0 && [01;35m[Kneighbor.y < grid[0].size()[m[K && grid[neighbor.x][neighbor.y] != 1)
[1.504s]       |                                                                       [01;35m[K~~~~~~~~~~~^~~~~~~~~~~~~~~~[m[K
[1.505s] 
[1.505s] [01m[K/home/sedrica/ros2ppf_26_10/src/ppf/src/ppf_n.cpp:[m[K In function ‘[01m[Kvoid plotPoint(std::vector<std::vector<int> >&, const Point&)[m[K’:
[1.505s] [01m[K/home/sedrica/ros2ppf_26_10/src/ppf/src/ppf_n.cpp:200:21:[m[K [01;35m[Kwarning: [m[Kcomparison of integer expressions of different signedness: ‘[01m[Kint[m[K’ and ‘[01m[Kstd::vector<int>::size_type[m[K’ {aka ‘[01m[Klong unsigned int[m[K’} [[01;35m[K-Wsign-compare[m[K]
[1.506s]   200 |     if (x >= 0 && [01;35m[Kx < map[0].size()[m[K && y >= 0 && y < map.size())
[1.506s]       |                   [01;35m[K~~^~~~~~~~~~~~~~~[m[K
[1.506s] [01m[K/home/sedrica/ros2ppf_26_10/src/ppf/src/ppf_n.cpp:200:52:[m[K [01;35m[Kwarning: [m[Kcomparison of integer expressions of different signedness: ‘[01m[Kint[m[K’ and ‘[01m[Kstd::vector<std::vector<int> >::size_type[m[K’ {aka ‘[01m[Klong unsigned int[m[K’} [[01;35m[K-Wsign-compare[m[K]
[1.507s]   200 |     if (x >= 0 && x < map[0].size() && y >= 0 && [01;35m[Ky < map.size()[m[K)
[1.507s]       |                                                  [01;35m[K~~^~~~~~~~~~~~[m[K
[1.508s] [01m[K/home/sedrica/ros2ppf_26_10/src/ppf/src/ppf_n.cpp:[m[K In function ‘[01m[Kstd::vector<std::vector<int> > predictivePotentialFieldPlanner(std::vector<std::vector<int> >&, Point, Point, int, float, int)[m[K’:
[1.508s] [01m[K/home/sedrica/ros2ppf_26_10/src/ppf/src/ppf_n.cpp:269:18:[m[K [01;35m[Kwarning: [m[Kcomparison of integer expressions of different signedness: ‘[01m[Kint[m[K’ and ‘[01m[Kstd::vector<std::vector<int> >::size_type[m[K’ {aka ‘[01m[Klong unsigned int[m[K’} [[01;35m[K-Wsign-compare[m[K]
[1.508s]   269 |     for(int i=0;[01;35m[Ki<smoothed_path.size()[m[K;i++){
[1.508s]       |                 [01;35m[K~^~~~~~~~~~~~~~~~~~~~~[m[K
[1.508s] [01m[K/home/sedrica/ros2ppf_26_10/src/ppf/src/ppf_n.cpp:241:144:[m[K [01;35m[Kwarning: [m[Kunused parameter ‘[01m[Kresolution[m[K’ [[01;35m[K-Wunused-parameter[m[K]
[1.509s]   241 | std::vector<std::vector<int>> &grid, Point start, Point goal, int max_iter,[01;35m[Kfloat resolution[m[K,int smoothPasses)
[1.509s]       |                                                                            [01;35m[K~~~~~~^~~~~~~~~~[m[K
[1.509s] 
[1.558s] [01m[K/home/sedrica/ros2ppf_26_10/src/ppf/src/ppfnode.cpp:[m[K In member function ‘[01m[Kvoid PPFNode::targetCallback(visualization_msgs::msg::Marker_<std::allocator<void> >::SharedPtr)[m[K’:
[1.558s] [01m[K/home/sedrica/ros2ppf_26_10/src/ppf/src/ppfnode.cpp:93:16:[m[K [01;35m[Kwarning: [m[Kunused variable ‘[01m[Kqz[m[K’ [[01;35m[K-Wunused-variable[m[K]
[1.558s]    93 |         double [01;35m[Kqz[m[K = marker->pose.orientation.z;
[1.558s]       |                [01;35m[K^~[m[K
[1.559s] [01m[K/home/sedrica/ros2ppf_26_10/src/ppf/src/ppfnode.cpp:94:16:[m[K [01;35m[Kwarning: [m[Kunused variable ‘[01m[Kqw[m[K’ [[01;35m[K-Wunused-variable[m[K]
[1.559s]    94 |         double [01;35m[Kqw[m[K = marker->pose.orientation.w;
[1.559s]       |                [01;35m[K^~[m[K
[1.569s] [01m[K/home/sedrica/ros2ppf_26_10/src/ppf/src/ppfnode.cpp:[m[K In member function ‘[01m[Kvoid PPFNode::occupancyGridCallback(nav_msgs::msg::OccupancyGrid_<std::allocator<void> >::SharedPtr)[m[K’:
[1.569s] [01m[K/home/sedrica/ros2ppf_26_10/src/ppf/src/ppfnode.cpp:136:13:[m[K [01;35m[Kwarning: [m[Kunused variable ‘[01m[KpFlag[m[K’ [[01;35m[K-Wunused-variable[m[K]
[1.570s]   136 |         int [01;35m[KpFlag[m[K=0;
[1.570s]       |             [01;35m[K^~~~~[m[K
[3.476s] In file included from [01m[K/home/sedrica/ros2ppf_26_10/src/ppf/src/ppfnode.cpp:10[m[K:
[3.476s] [01m[K/home/sedrica/ros2ppf_26_10/src/ppf/src/ppf_n.cpp:[m[K In function ‘[01m[Kstd::vector<std::vector<int> > smoothPath(const std::vector<std::vector<int> >&, std::vector<std::vector<int> >&)[m[K’:
[3.477s] [01m[K/home/sedrica/ros2ppf_26_10/src/ppf/src/ppf_n.cpp:149:1:[m[K [01;35m[Kwarning: [m[Kcontrol reaches end of non-void function [[01;35m[K-Wreturn-type[m[K]
[3.477s]   149 | [01;35m[K}[m[K
[3.477s]       | [01;35m[K^[m[K
[7.570s] [100%] [32m[1mLinking CXX executable ppf_node[0m
[8.031s] [100%] Built target ppf_node
[8.051s] Invoked command in '/home/sedrica/ros2ppf_26_10/build/ppf_node' returned '0': CMAKE_PREFIX_PATH=${CMAKE_PREFIX_PATH}:/home/sedrica/ros2ppf_26_10/install/extras:/home/sedrica/ros2ppf/install/extras:/opt/ros/foxy /usr/bin/cmake --build /home/sedrica/ros2ppf_26_10/build/ppf_node -- -j20 -l20
[8.133s] Invoking command in '/home/sedrica/ros2ppf_26_10/build/ppf_node': CMAKE_PREFIX_PATH=${CMAKE_PREFIX_PATH}:/home/sedrica/ros2ppf_26_10/install/extras:/home/sedrica/ros2ppf/install/extras:/opt/ros/foxy /usr/bin/cmake --install /home/sedrica/ros2ppf_26_10/build/ppf_node
[8.150s] -- Install configuration: ""
[8.151s] -- Installing: /home/sedrica/ros2ppf_26_10/install/ppf_node/lib/ppf_node/ppf_node
[8.155s] -- Set runtime path of "/home/sedrica/ros2ppf_26_10/install/ppf_node/lib/ppf_node/ppf_node" to ""
[8.155s] -- Up-to-date: /home/sedrica/ros2ppf_26_10/install/ppf_node/share/ament_index/resource_index/package_run_dependencies/ppf_node
[8.155s] -- Up-to-date: /home/sedrica/ros2ppf_26_10/install/ppf_node/share/ament_index/resource_index/parent_prefix_path/ppf_node
[8.156s] -- Up-to-date: /home/sedrica/ros2ppf_26_10/install/ppf_node/share/ppf_node/environment/ament_prefix_path.sh
[8.156s] -- Up-to-date: /home/sedrica/ros2ppf_26_10/install/ppf_node/share/ppf_node/environment/ament_prefix_path.dsv
[8.156s] -- Up-to-date: /home/sedrica/ros2ppf_26_10/install/ppf_node/share/ppf_node/environment/path.sh
[8.157s] -- Up-to-date: /home/sedrica/ros2ppf_26_10/install/ppf_node/share/ppf_node/environment/path.dsv
[8.158s] -- Up-to-date: /home/sedrica/ros2ppf_26_10/install/ppf_node/share/ppf_node/local_setup.bash
[8.158s] -- Up-to-date: /home/sedrica/ros2ppf_26_10/install/ppf_node/share/ppf_node/local_setup.sh
[8.160s] -- Up-to-date: /home/sedrica/ros2ppf_26_10/install/ppf_node/share/ppf_node/local_setup.zsh
[8.161s] -- Up-to-date: /home/sedrica/ros2ppf_26_10/install/ppf_node/share/ppf_node/local_setup.dsv
[8.162s] -- Installing: /home/sedrica/ros2ppf_26_10/install/ppf_node/share/ppf_node/package.dsv
[8.162s] -- Up-to-date: /home/sedrica/ros2ppf_26_10/install/ppf_node/share/ament_index/resource_index/packages/ppf_node
[8.163s] -- Up-to-date: /home/sedrica/ros2ppf_26_10/install/ppf_node/share/ppf_node/cmake/ppf_nodeConfig.cmake
[8.163s] -- Up-to-date: /home/sedrica/ros2ppf_26_10/install/ppf_node/share/ppf_node/cmake/ppf_nodeConfig-version.cmake
[8.164s] -- Up-to-date: /home/sedrica/ros2ppf_26_10/install/ppf_node/share/ppf_node/package.xml
[8.164s] Invoked command in '/home/sedrica/ros2ppf_26_10/build/ppf_node' returned '0': CMAKE_PREFIX_PATH=${CMAKE_PREFIX_PATH}:/home/sedrica/ros2ppf_26_10/install/extras:/home/sedrica/ros2ppf/install/extras:/opt/ros/foxy /usr/bin/cmake --install /home/sedrica/ros2ppf_26_10/build/ppf_node
