/home/sedrica/.local/lib/python3.8/site-packages/setuptools/dist.py:491: SetuptoolsDeprecationWarning: Invalid dash-separated options
!!

        ********************************************************************************
        Usage of dash-separated 'script-dir' will not be supported in future
        versions. Please use the underscore name 'script_dir' instead.

        By 2025-Mar-03, you need to update your project and remove deprecated calls
        or your builds will no longer be supported.

        See https://setuptools.pypa.io/en/latest/userguide/declarative_config.html for details.
        ********************************************************************************

!!
  opt = self.warn_dash_deprecation(opt, section)
/home/sedrica/.local/lib/python3.8/site-packages/setuptools/_distutils/dist.py:261: UserWarning: Unknown distribution option: 'tests_require'
  warnings.warn(msg)
running egg_info
writing ../../build/extras/extras.egg-info/PKG-INFO
writing dependency_links to ../../build/extras/extras.egg-info/dependency_links.txt
writing entry points to ../../build/extras/extras.egg-info/entry_points.txt
writing requirements to ../../build/extras/extras.egg-info/requires.txt
writing top-level names to ../../build/extras/extras.egg-info/top_level.txt
reading manifest file '../../build/extras/extras.egg-info/SOURCES.txt'
writing manifest file '../../build/extras/extras.egg-info/SOURCES.txt'
running build
running build_py
copying extras/direction.py -> /home/sedrica/ros2ppf_26_10/build/extras/build/lib/extras
copying extras/frametf.py -> /home/sedrica/ros2ppf_26_10/build/extras/build/lib/extras
running install
running install_lib
running install_data
running install_egg_info
removing '/home/sedrica/ros2ppf_26_10/install/extras/lib/python3.8/site-packages/extras-0.0.0-py3.8.egg-info' (and everything under it)
Copying ../../build/extras/extras.egg-info to /home/sedrica/ros2ppf_26_10/install/extras/lib/python3.8/site-packages/extras-0.0.0-py3.8.egg-info
running install_scripts
Installing convertor script to /home/sedrica/ros2ppf_26_10/install/extras/lib/extras
Installing direction script to /home/sedrica/ros2ppf_26_10/install/extras/lib/extras
Installing frametf script to /home/sedrica/ros2ppf_26_10/install/extras/lib/extras
writing list of installed files to '/home/sedrica/ros2ppf_26_10/build/extras/install.log'
