[0.284s] Invoking command in '/home/sedrica/ros2ppf_26_10/build/ppf_node': CMAKE_PREFIX_PATH=${CMAKE_PREFIX_PATH}:/home/sedrica/ros2ppf_26_10/install/extras:/opt/ros/foxy /usr/bin/cmake --build /home/sedrica/ros2ppf_26_10/build/ppf_node -- -j20 -l20
[0.415s] [100%] Built target ppf_node
[0.438s] Invoked command in '/home/sedrica/ros2ppf_26_10/build/ppf_node' returned '0': CMAKE_PREFIX_PATH=${CMAKE_PREFIX_PATH}:/home/sedrica/ros2ppf_26_10/install/extras:/opt/ros/foxy /usr/bin/cmake --build /home/sedrica/ros2ppf_26_10/build/ppf_node -- -j20 -l20
[0.535s] Invoking command in '/home/sedrica/ros2ppf_26_10/build/ppf_node': CMAKE_PREFIX_PATH=${CMAKE_PREFIX_PATH}:/home/sedrica/ros2ppf_26_10/install/extras:/opt/ros/foxy /usr/bin/cmake --install /home/sedrica/ros2ppf_26_10/build/ppf_node
[0.557s] -- Install configuration: ""
[0.557s] -- Up-to-date: /home/sedrica/ros2ppf_26_10/install/ppf_node/lib/ppf_node/ppf_node
[0.557s] -- Up-to-date: /home/sedrica/ros2ppf_26_10/install/ppf_node/share/ament_index/resource_index/package_run_dependencies/ppf_node
[0.558s] -- Up-to-date: /home/sedrica/ros2ppf_26_10/install/ppf_node/share/ament_index/resource_index/parent_prefix_path/ppf_node
[0.558s] -- Up-to-date: /home/sedrica/ros2ppf_26_10/install/ppf_node/share/ppf_node/environment/ament_prefix_path.sh
[0.559s] -- Up-to-date: /home/sedrica/ros2ppf_26_10/install/ppf_node/share/ppf_node/environment/ament_prefix_path.dsv
[0.559s] -- Up-to-date: /home/sedrica/ros2ppf_26_10/install/ppf_node/share/ppf_node/environment/path.sh
[0.560s] -- Up-to-date: /home/sedrica/ros2ppf_26_10/install/ppf_node/share/ppf_node/environment/path.dsv
[0.560s] -- Up-to-date: /home/sedrica/ros2ppf_26_10/install/ppf_node/share/ppf_node/local_setup.bash
[0.560s] -- Up-to-date: /home/sedrica/ros2ppf_26_10/install/ppf_node/share/ppf_node/local_setup.sh
[0.561s] -- Up-to-date: /home/sedrica/ros2ppf_26_10/install/ppf_node/share/ppf_node/local_setup.zsh
[0.561s] -- Up-to-date: /home/sedrica/ros2ppf_26_10/install/ppf_node/share/ppf_node/local_setup.dsv
[0.561s] -- Installing: /home/sedrica/ros2ppf_26_10/install/ppf_node/share/ppf_node/package.dsv
[0.562s] -- Up-to-date: /home/sedrica/ros2ppf_26_10/install/ppf_node/share/ament_index/resource_index/packages/ppf_node
[0.562s] -- Up-to-date: /home/sedrica/ros2ppf_26_10/install/ppf_node/share/ppf_node/cmake/ppf_nodeConfig.cmake
[0.562s] -- Up-to-date: /home/sedrica/ros2ppf_26_10/install/ppf_node/share/ppf_node/cmake/ppf_nodeConfig-version.cmake
[0.563s] -- Up-to-date: /home/sedrica/ros2ppf_26_10/install/ppf_node/share/ppf_node/package.xml
[0.578s] Invoked command in '/home/sedrica/ros2ppf_26_10/build/ppf_node' returned '0': CMAKE_PREFIX_PATH=${CMAKE_PREFIX_PATH}:/home/sedrica/ros2ppf_26_10/install/extras:/opt/ros/foxy /usr/bin/cmake --install /home/sedrica/ros2ppf_26_10/build/ppf_node
