[0.275s] Invoking command in '/home/sedrica/ros2ppf_26_10/build/ppf_node': CMAKE_PREFIX_PATH=${CMAKE_PREFIX_PATH}:/home/sedrica/ros2ppf_26_10/install/extras:/home/sedrica/ros2ppf/install/extras:/opt/ros/foxy /usr/bin/cmake --build /home/sedrica/ros2ppf_26_10/build/ppf_node -- -j20 -l20
[0.335s] [35m[1mScanning dependencies of target ppf_node[0m
[0.381s] [ 50%] [32mBuilding CXX object CMakeFiles/ppf_node.dir/src/ppfnode.cpp.o[0m
[1.420s] In file included from [01m[K/home/sedrica/ros2ppf_26_10/src/ppf/src/ppfnode.cpp:10[m[K:
[1.420s] [01m[K/home/sedrica/ros2ppf_26_10/src/ppf/src/ppf_n.cpp:[m[K In function ‘[01m[Kdouble calculateRepulsivePotential(const Point&, const std::vector<std::vector<int> >&)[m[K’:
[1.420s] [01m[K/home/sedrica/ros2ppf_26_10/src/ppf/src/ppf_n.cpp:52:23:[m[K [01;35m[Kwarning: [m[Kcomparison of integer expressions of different signedness: ‘[01m[Kint[m[K’ and ‘[01m[Kstd::vector<std::vector<int> >::size_type[m[K’ {aka ‘[01m[Klong unsigned int[m[K’} [[01;35m[K-Wsign-compare[m[K]
[1.420s]    52 |     for (int i = 0; [01;35m[Ki < grid.size()[m[K; ++i)
[1.420s]       |                     [01;35m[K~~^~~~~~~~~~~~~[m[K
[1.421s] [01m[K/home/sedrica/ros2ppf_26_10/src/ppf/src/ppf_n.cpp:54:27:[m[K [01;35m[Kwarning: [m[Kcomparison of integer expressions of different signedness: ‘[01m[Kint[m[K’ and ‘[01m[Kstd::vector<int>::size_type[m[K’ {aka ‘[01m[Klong unsigned int[m[K’} [[01;35m[K-Wsign-compare[m[K]
[1.421s]    54 |         for (int j = 0; [01;35m[Kj < grid[0].size()[m[K; ++j)
[1.421s]       |                         [01;35m[K~~^~~~~~~~~~~~~~~~[m[K
[1.424s] In file included from [01m[K/home/sedrica/ros2ppf_26_10/src/ppf/src/ppfnode.cpp:10[m[K:
[1.424s] [01m[K/home/sedrica/ros2ppf_26_10/src/ppf/src/ppf_n.cpp:[m[K In function ‘[01m[Kstd::vector<std::vector<int> > smoothPath(const std::vector<std::vector<int> >&, std::vector<std::vector<int> >&)[m[K’:
[1.424s] [01m[K/home/sedrica/ros2ppf_26_10/src/ppf/src/ppf_n.cpp:139:19:[m[K [01;35m[Kwarning: [m[Kcomparison of integer expressions of different signedness: ‘[01m[Kint[m[K’ and ‘[01m[Kstd::vector<std::vector<int> >::size_type[m[K’ {aka ‘[01m[Klong unsigned int[m[K’} [[01;35m[K-Wsign-compare[m[K]
[1.424s]   139 |     for(int i=0; [01;35m[Ki<smoothedPath.size()[m[K;i++){
[1.424s]       |                  [01;35m[K~^~~~~~~~~~~~~~~~~~~~[m[K
[1.427s] [01m[K/home/sedrica/ros2ppf_26_10/src/ppf/src/ppf_n.cpp:[m[K In function ‘[01m[KPoint getNextStep(const Point&, const Point&, std::vector<std::vector<int> >&)[m[K’:
[1.427s] [01m[K/home/sedrica/ros2ppf_26_10/src/ppf/src/ppf_n.cpp:169:43:[m[K [01;35m[Kwarning: [m[Kcomparison of integer expressions of different signedness: ‘[01m[Kconst int[m[K’ and ‘[01m[Kstd::vector<std::vector<int> >::size_type[m[K’ {aka ‘[01m[Klong unsigned int[m[K’} [[01;35m[K-Wsign-compare[m[K]
[1.427s]   169 |         if (neighbor.x >= 0 && [01;35m[Kneighbor.x < grid.size()[m[K && neighbor.y >= 0 && neighbor.y < grid[0].size() && grid[neighbor.x][neighbor.y] != 1)
[1.427s]       |                                [01;35m[K~~~~~~~~~~~^~~~~~~~~~~~~[m[K
[1.428s] [01m[K/home/sedrica/ros2ppf_26_10/src/ppf/src/ppf_n.cpp:169:90:[m[K [01;35m[Kwarning: [m[Kcomparison of integer expressions of different signedness: ‘[01m[Kconst int[m[K’ and ‘[01m[Kstd::vector<int>::size_type[m[K’ {aka ‘[01m[Klong unsigned int[m[K’} [[01;35m[K-Wsign-compare[m[K]
[1.428s]   169 |  if (neighbor.x >= 0 && neighbor.x < grid.size() && neighbor.y >= 0 && [01;35m[Kneighbor.y < grid[0].size()[m[K && grid[neighbor.x][neighbor.y] != 1)
[1.428s]       |                                                                        [01;35m[K~~~~~~~~~~~^~~~~~~~~~~~~~~~[m[K
[1.428s] 
[1.428s] [01m[K/home/sedrica/ros2ppf_26_10/src/ppf/src/ppf_n.cpp:[m[K In function ‘[01m[Kvoid plotPoint(std::vector<std::vector<int> >&, const Point&)[m[K’:
[1.428s] [01m[K/home/sedrica/ros2ppf_26_10/src/ppf/src/ppf_n.cpp:195:21:[m[K [01;35m[Kwarning: [m[Kcomparison of integer expressions of different signedness: ‘[01m[Kint[m[K’ and ‘[01m[Kstd::vector<int>::size_type[m[K’ {aka ‘[01m[Klong unsigned int[m[K’} [[01;35m[K-Wsign-compare[m[K]
[1.428s]   195 |     if (x >= 0 && [01;35m[Kx < map[0].size()[m[K && y >= 0 && y < map.size())
[1.429s]       |                   [01;35m[K~~^~~~~~~~~~~~~~~[m[K
[1.429s] [01m[K/home/sedrica/ros2ppf_26_10/src/ppf/src/ppf_n.cpp:195:52:[m[K [01;35m[Kwarning: [m[Kcomparison of integer expressions of different signedness: ‘[01m[Kint[m[K’ and ‘[01m[Kstd::vector<std::vector<int> >::size_type[m[K’ {aka ‘[01m[Klong unsigned int[m[K’} [[01;35m[K-Wsign-compare[m[K]
[1.429s]   195 |     if (x >= 0 && x < map[0].size() && y >= 0 && [01;35m[Ky < map.size()[m[K)
[1.429s]       |                                                  [01;35m[K~~^~~~~~~~~~~~[m[K
[1.431s] [01m[K/home/sedrica/ros2ppf_26_10/src/ppf/src/ppf_n.cpp:[m[K In function ‘[01m[Kstd::vector<std::vector<int> > predictivePotentialFieldPlanner(std::vector<std::vector<int> >&, Point, Point, int, float, int)[m[K’:
[1.431s] [01m[K/home/sedrica/ros2ppf_26_10/src/ppf/src/ppf_n.cpp:254:13:[m[K [01;31m[Kerror: [m[K‘[01m[KpathFlag[m[K’ was not declared in this scope
[1.432s]   254 |             [01;31m[KpathFlag[m[K=1;
[1.432s]       |             [01;31m[K^~~~~~~~[m[K
[1.432s] [01m[K/home/sedrica/ros2ppf_26_10/src/ppf/src/ppf_n.cpp:264:18:[m[K [01;35m[Kwarning: [m[Kcomparison of integer expressions of different signedness: ‘[01m[Kint[m[K’ and ‘[01m[Kstd::vector<std::vector<int> >::size_type[m[K’ {aka ‘[01m[Klong unsigned int[m[K’} [[01;35m[K-Wsign-compare[m[K]
[1.432s]   264 |     for(int i=0;[01;35m[Ki<smoothed_path.size()[m[K;i++){
[1.432s]       |                 [01;35m[K~^~~~~~~~~~~~~~~~~~~~~[m[K
[1.432s] [01m[K/home/sedrica/ros2ppf_26_10/src/ppf/src/ppf_n.cpp:236:144:[m[K [01;35m[Kwarning: [m[Kunused parameter ‘[01m[Kresolution[m[K’ [[01;35m[K-Wunused-parameter[m[K]
[1.432s]   236 | (std::vector<std::vector<int>> &grid, Point start, Point goal, int max_iter,[01;35m[Kfloat resolution[m[K,int smoothPasses)
[1.433s]       |                                                                             [01;35m[K~~~~~~^~~~~~~~~~[m[K
[1.433s] 
[1.471s] [01m[K/home/sedrica/ros2ppf_26_10/src/ppf/src/ppfnode.cpp:[m[K In member function ‘[01m[Kvoid PPFNode::targetCallback(visualization_msgs::msg::Marker_<std::allocator<void> >::SharedPtr)[m[K’:
[1.471s] [01m[K/home/sedrica/ros2ppf_26_10/src/ppf/src/ppfnode.cpp:93:16:[m[K [01;35m[Kwarning: [m[Kunused variable ‘[01m[Kqz[m[K’ [[01;35m[K-Wunused-variable[m[K]
[1.471s]    93 |         double [01;35m[Kqz[m[K = marker->pose.orientation.z;
[1.471s]       |                [01;35m[K^~[m[K
[1.471s] [01m[K/home/sedrica/ros2ppf_26_10/src/ppf/src/ppfnode.cpp:94:16:[m[K [01;35m[Kwarning: [m[Kunused variable ‘[01m[Kqw[m[K’ [[01;35m[K-Wunused-variable[m[K]
[1.471s]    94 |         double [01;35m[Kqw[m[K = marker->pose.orientation.w;
[1.472s]       |                [01;35m[K^~[m[K
[1.481s] [01m[K/home/sedrica/ros2ppf_26_10/src/ppf/src/ppfnode.cpp:[m[K In member function ‘[01m[Kvoid PPFNode::occupancyGridCallback(nav_msgs::msg::OccupancyGrid_<std::allocator<void> >::SharedPtr)[m[K’:
[1.481s] [01m[K/home/sedrica/ros2ppf_26_10/src/ppf/src/ppfnode.cpp:136:13:[m[K [01;35m[Kwarning: [m[Kunused variable ‘[01m[KpFlag[m[K’ [[01;35m[K-Wunused-variable[m[K]
[1.481s]   136 |         int [01;35m[KpFlag[m[K=0;
[1.481s]       |             [01;35m[K^~~~~[m[K
[3.386s] make[2]: *** [CMakeFiles/ppf_node.dir/build.make:63: CMakeFiles/ppf_node.dir/src/ppfnode.cpp.o] Error 1
[3.387s] make[1]: *** [CMakeFiles/Makefile2:78: CMakeFiles/ppf_node.dir/all] Error 2
[3.387s] make: *** [Makefile:141: all] Error 2
[3.391s] Invoked command in '/home/sedrica/ros2ppf_26_10/build/ppf_node' returned '2': CMAKE_PREFIX_PATH=${CMAKE_PREFIX_PATH}:/home/sedrica/ros2ppf_26_10/install/extras:/home/sedrica/ros2ppf/install/extras:/opt/ros/foxy /usr/bin/cmake --build /home/sedrica/ros2ppf_26_10/build/ppf_node -- -j20 -l20
