[1.374s] Invoking command in '/home/sedrica/ros2ppf_26_10/src/extras': PYTHONPATH=/home/sedrica/ros2ppf_26_10/build/extras/prefix_override:/usr/lib/python3/dist-packages/colcon_core/task/python/colcon_distutils_commands:/home/sedrica/ros2ppf_26_10/install/extras/lib/python3.8/site-packages:${PYTHONPATH} /usr/bin/python3 -W ignore:setup.py install is deprecated setup.py egg_info --egg-base ../../build/extras build --build-base /home/sedrica/ros2ppf_26_10/build/extras/build install --record /home/sedrica/ros2ppf_26_10/build/extras/install.log --install-scripts $base/lib/extras --single-version-externally-managed install_data
[1.590s] /home/sedrica/.local/lib/python3.8/site-packages/setuptools/dist.py:491: SetuptoolsDeprecationWarning: Invalid dash-separated options
[1.590s] !!
[1.591s] 
[1.591s]         ********************************************************************************
[1.591s]         Usage of dash-separated 'script-dir' will not be supported in future
[1.591s]         versions. Please use the underscore name 'script_dir' instead.
[1.591s] 
[1.591s]         By 2025-Mar-03, you need to update your project and remove deprecated calls
[1.592s]         or your builds will no longer be supported.
[1.592s] 
[1.592s]         See https://setuptools.pypa.io/en/latest/userguide/declarative_config.html for details.
[1.592s]         ********************************************************************************
[1.592s] 
[1.592s] !!
[1.592s]   opt = self.warn_dash_deprecation(opt, section)
[1.622s] /home/sedrica/.local/lib/python3.8/site-packages/setuptools/_distutils/dist.py:261: UserWarning: Unknown distribution option: 'tests_require'
[1.623s]   warnings.warn(msg)
[1.805s] running egg_info
[1.838s] writing ../../build/extras/extras.egg-info/PKG-INFO
[1.838s] writing dependency_links to ../../build/extras/extras.egg-info/dependency_links.txt
[1.838s] writing entry points to ../../build/extras/extras.egg-info/entry_points.txt
[1.838s] writing requirements to ../../build/extras/extras.egg-info/requires.txt
[1.838s] writing top-level names to ../../build/extras/extras.egg-info/top_level.txt
[2.018s] reading manifest file '../../build/extras/extras.egg-info/SOURCES.txt'
[2.020s] writing manifest file '../../build/extras/extras.egg-info/SOURCES.txt'
[2.021s] running build
[2.021s] running build_py
[2.022s] copying extras/direction.py -> /home/sedrica/ros2ppf_26_10/build/extras/build/lib/extras
[2.022s] copying extras/frametf.py -> /home/sedrica/ros2ppf_26_10/build/extras/build/lib/extras
[2.022s] running install
[2.032s] running install_lib
[2.064s] copying /home/sedrica/ros2ppf_26_10/build/extras/build/lib/extras/frametf.py -> /home/sedrica/ros2ppf_26_10/install/extras/lib/python3.8/site-packages/extras
[2.065s] byte-compiling /home/sedrica/ros2ppf_26_10/install/extras/lib/python3.8/site-packages/extras/frametf.py to frametf.cpython-38.pyc
[2.066s] running install_data
[2.067s] running install_egg_info
[2.099s] removing '/home/sedrica/ros2ppf_26_10/install/extras/lib/python3.8/site-packages/extras-0.0.0-py3.8.egg-info' (and everything under it)
[2.099s] Copying ../../build/extras/extras.egg-info to /home/sedrica/ros2ppf_26_10/install/extras/lib/python3.8/site-packages/extras-0.0.0-py3.8.egg-info
[2.100s] running install_scripts
[2.178s] Installing convertor script to /home/sedrica/ros2ppf_26_10/install/extras/lib/extras
[2.178s] Installing direction script to /home/sedrica/ros2ppf_26_10/install/extras/lib/extras
[2.178s] Installing frametf script to /home/sedrica/ros2ppf_26_10/install/extras/lib/extras
[2.178s] writing list of installed files to '/home/sedrica/ros2ppf_26_10/build/extras/install.log'
[2.219s] Invoked command in '/home/sedrica/ros2ppf_26_10/src/extras' returned '0': PYTHONPATH=/home/sedrica/ros2ppf_26_10/build/extras/prefix_override:/usr/lib/python3/dist-packages/colcon_core/task/python/colcon_distutils_commands:/home/sedrica/ros2ppf_26_10/install/extras/lib/python3.8/site-packages:${PYTHONPATH} /usr/bin/python3 -W ignore:setup.py install is deprecated setup.py egg_info --egg-base ../../build/extras build --build-base /home/sedrica/ros2ppf_26_10/build/extras/build install --record /home/sedrica/ros2ppf_26_10/build/extras/install.log --install-scripts $base/lib/extras --single-version-externally-managed install_data
