[0.281s] Invoking command in '/home/sedrica/ros2ppf_26_10/build/ppf_node': CMAKE_PREFIX_PATH=/opt/ros/foxy CONDA_PROMPT_MODIFIER=(base) /usr/bin/cmake /home/sedrica/ros2ppf_26_10/src/ppf_node -DCMAKE_INSTALL_PREFIX=/home/sedrica/ros2ppf_26_10/install/ppf_node
[0.402s] -- The C compiler identification is GNU 9.4.0
[0.552s] -- The CXX compiler identification is GNU 9.4.0
[0.557s] -- Check for working C compiler: /usr/bin/cc
[0.710s] -- Check for working C compiler: /usr/bin/cc -- works
[0.712s] -- Detecting C compiler ABI info
[0.881s] -- Detecting C compiler ABI info - done
[0.903s] -- Detecting C compile features
[0.903s] -- Detecting C compile features - done
[0.906s] -- Check for working CXX compiler: /usr/bin/c++
[1.053s] -- Check for working CXX compiler: /usr/bin/c++ -- works
[1.054s] -- Detecting CXX compiler ABI info
[1.214s] -- Detecting CXX compiler ABI info - done
[1.224s] -- Detecting CXX compile features
[1.224s] -- Detecting CXX compile features - done
[1.235s] -- Found ament_cmake: 0.9.12 (/opt/ros/foxy/share/ament_cmake/cmake)
[1.261s] -- Found PythonInterp: /home/sedrica/miniconda3/bin/python3 (found suitable version "3.12.4", minimum required is "3") 
[1.262s] -- Using PYTHON_EXECUTABLE: /home/sedrica/miniconda3/bin/python3
[1.449s] -- Found rclcpp: 2.4.3 (/opt/ros/foxy/share/rclcpp/cmake)
[1.523s] -- Using all available rosidl_typesupport_c: rosidl_typesupport_fastrtps_c;rosidl_typesupport_introspection_c
[1.532s] -- Found rosidl_adapter: 1.3.1 (/opt/ros/foxy/share/rosidl_adapter/cmake)
[1.743s] -- Found OpenSSL: /usr/lib/x86_64-linux-gnu/libcrypto.so (found version "1.1.1f")  
[1.791s] -- Found FastRTPS: /opt/ros/foxy/include  
[1.870s] -- Using all available rosidl_typesupport_cpp: rosidl_typesupport_fastrtps_cpp;rosidl_typesupport_introspection_cpp
[1.923s] -- Found rmw_implementation_cmake: 1.0.4 (/opt/ros/foxy/share/rmw_implementation_cmake/cmake)
[1.925s] -- Using RMW implementation 'rmw_fastrtps_cpp' as default
[1.926s] -- Looking for pthread.h
[2.086s] -- Looking for pthread.h - found
[2.087s] -- Performing Test CMAKE_HAVE_LIBC_PTHREAD
[2.259s] -- Performing Test CMAKE_HAVE_LIBC_PTHREAD - Failed
[2.259s] -- Looking for pthread_create in pthreads
[2.409s] -- Looking for pthread_create in pthreads - not found
[2.409s] -- Looking for pthread_create in pthread
[2.590s] -- Looking for pthread_create in pthread - found
[2.593s] -- Found Threads: TRUE  
[2.756s] -- Found geometry_msgs: 2.0.5 (/opt/ros/foxy/share/geometry_msgs/cmake)
[2.786s] -- Found sensor_msgs: 2.0.5 (/opt/ros/foxy/share/sensor_msgs/cmake)
[2.846s] -- Found nav_msgs: 2.0.5 (/opt/ros/foxy/share/nav_msgs/cmake)
[2.908s] -- Found tf2_ros: 0.13.14 (/opt/ros/foxy/share/tf2_ros/cmake)
[3.213s] -- Found visualization_msgs: 2.0.5 (/opt/ros/foxy/share/visualization_msgs/cmake)
[3.277s] -- Found ament_lint_auto: 0.9.8 (/opt/ros/foxy/share/ament_lint_auto/cmake)
[3.298s] Traceback (most recent call last):
[3.298s]   File "/opt/ros/foxy/share/ament_cmake_core/cmake/core/package_xml_2_cmake.py", line 21, in <module>
[3.298s]     from catkin_pkg.package import parse_package_string
[3.299s] ModuleNotFoundError: No module named 'catkin_pkg'
[3.301s] CMake Error at /opt/ros/foxy/share/ament_cmake_core/cmake/core/ament_package_xml.cmake:94 (message):
[3.302s]   execute_process(/home/sedrica/miniconda3/bin/python3
[3.302s]   /opt/ros/foxy/share/ament_cmake_core/cmake/core/package_xml_2_cmake.py
[3.302s]   /home/sedrica/ros2ppf_26_10/src/ppf_node/package.xml
[3.302s]   /home/sedrica/ros2ppf_26_10/build/ppf_node/ament_cmake_core/package.cmake)
[3.302s]   returned error code 1
[3.302s] Call Stack (most recent call first):
[3.303s]   /opt/ros/foxy/share/ament_cmake_core/cmake/core/ament_package_xml.cmake:49 (_ament_package_xml)
[3.303s]   /opt/ros/foxy/share/ament_lint_auto/cmake/ament_lint_auto_find_test_dependencies.cmake:31 (ament_package_xml)
[3.303s]   CMakeLists.txt:59 (ament_lint_auto_find_test_dependencies)
[3.303s] 
[3.303s] 
[3.304s] -- Configuring incomplete, errors occurred!
[3.304s] See also "/home/sedrica/ros2ppf_26_10/build/ppf_node/CMakeFiles/CMakeOutput.log".
[3.304s] See also "/home/sedrica/ros2ppf_26_10/build/ppf_node/CMakeFiles/CMakeError.log".
[3.316s] Invoked command in '/home/sedrica/ros2ppf_26_10/build/ppf_node' returned '1': CMAKE_PREFIX_PATH=/opt/ros/foxy CONDA_PROMPT_MODIFIER=(base) /usr/bin/cmake /home/sedrica/ros2ppf_26_10/src/ppf_node -DCMAKE_INSTALL_PREFIX=/home/sedrica/ros2ppf_26_10/install/ppf_node
